{"level":"info","message":"server is starting at localhost:3008","service":"user-service"}
{"level":"info","message":"server is starting at localhost:3008","service":"metrics-ms"}
{"level":"info","message":"server is starting at localhost:3008","service":"metrics-ms"}
{"level":"info","message":"server is starting at localhost:3008","service":"metrics-ms"}
{"level":"info","message":"server is starting at localhost:3008","service":"metrics-ms"}
{"level":"info","message":"server is starting at localhost:3008","service":"metrics-ms"}
{"level":"info","message":"server is starting at localhost:3008","service":"metrics-ms"}
{"level":"info","message":"server is starting at localhost:3008","service":"metrics-ms"}
{"level":"info","message":"server is starting at localhost:3008","service":"metrics-ms"}
{"level":"info","message":"server is starting at localhost:3008","service":"metrics-ms"}
{"level":"info","message":"server is starting at localhost:3008","service":"metrics-ms"}
{"level":"info","message":"server is starting at localhost:3008","service":"metrics-ms"}
{"level":"info","message":"server is starting at localhost:3008","service":"metrics-ms"}
{"level":"info","message":"server is starting at localhost:3008","service":"metrics-ms"}
{"level":"info","message":"server is starting at localhost:3008","service":"metrics-ms"}
{"level":"info","message":"server is starting at localhost:3008","service":"metrics-ms"}
{"level":"info","message":"server is starting at localhost:3008","service":"metrics-ms"}
{"level":"info","message":"server is starting at localhost:3008","service":"metrics-ms"}
{"level":"info","message":"server is starting at localhost:3008","service":"metrics-ms"}
{"level":"info","message":"server is starting at localhost:3008","service":"metrics-ms"}
{"level":"info","message":"server is starting at localhost:3008","service":"metrics-ms"}
{"level":"info","message":"server is starting at localhost:3008","service":"metrics-ms"}
{"level":"info","message":"server is starting at localhost:3008","service":"metrics-ms"}
{"level":"info","message":"server is starting at localhost:3008","service":"metrics-ms"}
{"level":"info","message":"server is starting at localhost:3008","service":"metrics-ms"}
{"level":"info","message":"{\"traceId\":\"b7e6a0ee-efa7-4882-8b0e-4a6271e2c727\",\"middleware\":\"LoggerMiddleware\",\"ip\":\"::ffff:172.21.0.1\",\"method\":\"GET\",\"path\":\"/\",\"host\":\"localhost:3005\",\"agent\":\"\\\"Chromium\\\";v=\\\"104\\\", \\\" Not A;Brand\\\";v=\\\"99\\\", \\\"Google Chrome\\\";v=\\\"104\\\"\",\"platform\":\"\\\"macOS\\\"\"}","service":"metrics-ms"}
{"level":"info","message":"{\"traceId\":\"9d551865-6127-4aec-8447-a4b2192f56a0\",\"middleware\":\"LoggerMiddleware\",\"ip\":\"::ffff:172.21.0.1\",\"method\":\"POST\",\"path\":\"/\",\"host\":\"localhost:3005\",\"agent\":\"\\\"Chromium\\\";v=\\\"104\\\", \\\" Not A;Brand\\\";v=\\\"99\\\", \\\"Google Chrome\\\";v=\\\"104\\\"\",\"platform\":\"\\\"macOS\\\"\",\"origin\":\"http://localhost:3005\"}","service":"metrics-ms"}
{"level":"info","message":"{\"traceId\":\"a2dbd0de-6606-47ee-97d5-bf3bce2e68ad\",\"middleware\":\"LoggerMiddleware\",\"ip\":\"::ffff:172.21.0.1\",\"method\":\"POST\",\"path\":\"/\",\"host\":\"localhost:3005\",\"agent\":\"\\\"Chromium\\\";v=\\\"104\\\", \\\" Not A;Brand\\\";v=\\\"99\\\", \\\"Google Chrome\\\";v=\\\"104\\\"\",\"platform\":\"\\\"macOS\\\"\",\"origin\":\"http://localhost:3005\"}","service":"metrics-ms"}
{"level":"info","message":"server is starting at localhost:3008","service":"metrics-ms"}
{"level":"info","message":"{\"traceId\":\"b7e6a0ee-efa7-4882-8b0e-4a6271e2c727\",\"middleware\":\"LoggerMiddleware\",\"ip\":\"::ffff:172.21.0.1\",\"method\":\"GET\",\"path\":\"/\",\"host\":\"localhost:3005\",\"agent\":\"\\\"Chromium\\\";v=\\\"104\\\", \\\" Not A;Brand\\\";v=\\\"99\\\", \\\"Google Chrome\\\";v=\\\"104\\\"\",\"platform\":\"\\\"macOS\\\"\"}","service":"metrics-ms"}
{"level":"info","message":"{\"traceId\":\"9d551865-6127-4aec-8447-a4b2192f56a0\",\"middleware\":\"LoggerMiddleware\",\"ip\":\"::ffff:172.21.0.1\",\"method\":\"POST\",\"path\":\"/\",\"host\":\"localhost:3005\",\"agent\":\"\\\"Chromium\\\";v=\\\"104\\\", \\\" Not A;Brand\\\";v=\\\"99\\\", \\\"Google Chrome\\\";v=\\\"104\\\"\",\"platform\":\"\\\"macOS\\\"\",\"origin\":\"http://localhost:3005\"}","service":"metrics-ms"}
{"level":"info","message":"{\"traceId\":\"a2dbd0de-6606-47ee-97d5-bf3bce2e68ad\",\"middleware\":\"LoggerMiddleware\",\"ip\":\"::ffff:172.21.0.1\",\"method\":\"POST\",\"path\":\"/\",\"host\":\"localhost:3005\",\"agent\":\"\\\"Chromium\\\";v=\\\"104\\\", \\\" Not A;Brand\\\";v=\\\"99\\\", \\\"Google Chrome\\\";v=\\\"104\\\"\",\"platform\":\"\\\"macOS\\\"\",\"origin\":\"http://localhost:3005\"}","service":"metrics-ms"}
{"level":"info","message":"server is starting at localhost:3008","service":"metrics-ms"}
{"level":"info","message":"server is starting at localhost:3008","service":"metrics-ms"}
{"level":"info","message":"server is starting at localhost:3008","service":"metrics-ms"}
{"level":"info","message":"{\"traceId\":\"b7e6a0ee-efa7-4882-8b0e-4a6271e2c727\",\"middleware\":\"LoggerMiddleware\",\"ip\":\"::ffff:172.21.0.1\",\"method\":\"GET\",\"path\":\"/\",\"host\":\"localhost:3005\",\"agent\":\"\\\"Chromium\\\";v=\\\"104\\\", \\\" Not A;Brand\\\";v=\\\"99\\\", \\\"Google Chrome\\\";v=\\\"104\\\"\",\"platform\":\"\\\"macOS\\\"\"}","service":"metrics-ms"}
{"level":"info","message":"{\"traceId\":\"9d551865-6127-4aec-8447-a4b2192f56a0\",\"middleware\":\"LoggerMiddleware\",\"ip\":\"::ffff:172.21.0.1\",\"method\":\"POST\",\"path\":\"/\",\"host\":\"localhost:3005\",\"agent\":\"\\\"Chromium\\\";v=\\\"104\\\", \\\" Not A;Brand\\\";v=\\\"99\\\", \\\"Google Chrome\\\";v=\\\"104\\\"\",\"platform\":\"\\\"macOS\\\"\",\"origin\":\"http://localhost:3005\"}","service":"metrics-ms"}
{"level":"info","message":"{\"traceId\":\"a2dbd0de-6606-47ee-97d5-bf3bce2e68ad\",\"middleware\":\"LoggerMiddleware\",\"ip\":\"::ffff:172.21.0.1\",\"method\":\"POST\",\"path\":\"/\",\"host\":\"localhost:3005\",\"agent\":\"\\\"Chromium\\\";v=\\\"104\\\", \\\" Not A;Brand\\\";v=\\\"99\\\", \\\"Google Chrome\\\";v=\\\"104\\\"\",\"platform\":\"\\\"macOS\\\"\",\"origin\":\"http://localhost:3005\"}","service":"metrics-ms"}
{"level":"info","message":"server is starting at localhost:3008","service":"metrics-ms"}
{"level":"info","message":"{\"traceId\":\"b7e6a0ee-efa7-4882-8b0e-4a6271e2c727\",\"middleware\":\"LoggerMiddleware\",\"ip\":\"::ffff:172.21.0.1\",\"method\":\"GET\",\"path\":\"/\",\"host\":\"localhost:3005\",\"agent\":\"\\\"Chromium\\\";v=\\\"104\\\", \\\" Not A;Brand\\\";v=\\\"99\\\", \\\"Google Chrome\\\";v=\\\"104\\\"\",\"platform\":\"\\\"macOS\\\"\"}","service":"metrics-ms"}
{"level":"info","message":"{\"traceId\":\"9d551865-6127-4aec-8447-a4b2192f56a0\",\"middleware\":\"LoggerMiddleware\",\"ip\":\"::ffff:172.21.0.1\",\"method\":\"POST\",\"path\":\"/\",\"host\":\"localhost:3005\",\"agent\":\"\\\"Chromium\\\";v=\\\"104\\\", \\\" Not A;Brand\\\";v=\\\"99\\\", \\\"Google Chrome\\\";v=\\\"104\\\"\",\"platform\":\"\\\"macOS\\\"\",\"origin\":\"http://localhost:3005\"}","service":"metrics-ms"}
{"level":"info","message":"{\"traceId\":\"a2dbd0de-6606-47ee-97d5-bf3bce2e68ad\",\"middleware\":\"LoggerMiddleware\",\"ip\":\"::ffff:172.21.0.1\",\"method\":\"POST\",\"path\":\"/\",\"host\":\"localhost:3005\",\"agent\":\"\\\"Chromium\\\";v=\\\"104\\\", \\\" Not A;Brand\\\";v=\\\"99\\\", \\\"Google Chrome\\\";v=\\\"104\\\"\",\"platform\":\"\\\"macOS\\\"\",\"origin\":\"http://localhost:3005\"}","service":"metrics-ms"}
{"level":"info","message":"server is starting at localhost:3008","service":"metrics-ms"}
{"level":"info","message":"{\"traceId\":\"b7e6a0ee-efa7-4882-8b0e-4a6271e2c727\",\"middleware\":\"LoggerMiddleware\",\"ip\":\"::ffff:172.21.0.1\",\"method\":\"GET\",\"path\":\"/\",\"host\":\"localhost:3005\",\"agent\":\"\\\"Chromium\\\";v=\\\"104\\\", \\\" Not A;Brand\\\";v=\\\"99\\\", \\\"Google Chrome\\\";v=\\\"104\\\"\",\"platform\":\"\\\"macOS\\\"\"}","service":"metrics-ms"}
{"level":"info","message":"{\"traceId\":\"9d551865-6127-4aec-8447-a4b2192f56a0\",\"middleware\":\"LoggerMiddleware\",\"ip\":\"::ffff:172.21.0.1\",\"method\":\"POST\",\"path\":\"/\",\"host\":\"localhost:3005\",\"agent\":\"\\\"Chromium\\\";v=\\\"104\\\", \\\" Not A;Brand\\\";v=\\\"99\\\", \\\"Google Chrome\\\";v=\\\"104\\\"\",\"platform\":\"\\\"macOS\\\"\",\"origin\":\"http://localhost:3005\"}","service":"metrics-ms"}
{"level":"info","message":"{\"traceId\":\"a2dbd0de-6606-47ee-97d5-bf3bce2e68ad\",\"middleware\":\"LoggerMiddleware\",\"ip\":\"::ffff:172.21.0.1\",\"method\":\"POST\",\"path\":\"/\",\"host\":\"localhost:3005\",\"agent\":\"\\\"Chromium\\\";v=\\\"104\\\", \\\" Not A;Brand\\\";v=\\\"99\\\", \\\"Google Chrome\\\";v=\\\"104\\\"\",\"platform\":\"\\\"macOS\\\"\",\"origin\":\"http://localhost:3005\"}","service":"metrics-ms"}
{"level":"info","message":"server is starting at localhost:3008","service":"metrics-ms"}
{"level":"info","message":"server is starting at localhost:3008","service":"metrics-ms"}
{"level":"info","message":{"data":[123],"type":"Buffer"},"service":"metrics-ms"}
{"level":"info","message":{"data":[34],"type":"Buffer"},"service":"metrics-ms"}
{"level":"info","message":{"data":[116],"type":"Buffer"},"service":"metrics-ms"}
{"level":"info","message":{"data":[114],"type":"Buffer"},"service":"metrics-ms"}
{"level":"info","message":{"data":[97],"type":"Buffer"},"service":"metrics-ms"}
{"level":"info","message":{"data":[99],"type":"Buffer"},"service":"metrics-ms"}
{"level":"info","message":{"data":[101],"type":"Buffer"},"service":"metrics-ms"}
{"level":"info","message":{"data":[73],"type":"Buffer"},"service":"metrics-ms"}
{"level":"info","message":{"data":[100],"type":"Buffer"},"service":"metrics-ms"}
{"level":"info","message":{"data":[34],"type":"Buffer"},"service":"metrics-ms"}
{"level":"info","message":{"data":[58],"type":"Buffer"},"service":"metrics-ms"}
{"level":"info","message":{"data":[34],"type":"Buffer"},"service":"metrics-ms"}
{"level":"info","message":{"data":[98],"type":"Buffer"},"service":"metrics-ms"}
{"level":"info","message":{"data":[55],"type":"Buffer"},"service":"metrics-ms"}
{"level":"info","message":{"data":[101],"type":"Buffer"},"service":"metrics-ms"}
{"level":"info","message":{"data":[54],"type":"Buffer"},"service":"metrics-ms"}
{"level":"info","message":{"data":[97],"type":"Buffer"},"service":"metrics-ms"}
{"level":"info","message":{"data":[48],"type":"Buffer"},"service":"metrics-ms"}
{"level":"info","message":{"data":[101],"type":"Buffer"},"service":"metrics-ms"}
{"level":"info","message":{"data":[101],"type":"Buffer"},"service":"metrics-ms"}
{"level":"info","message":{"data":[45],"type":"Buffer"},"service":"metrics-ms"}
{"level":"info","message":{"data":[101],"type":"Buffer"},"service":"metrics-ms"}
{"level":"info","message":{"data":[102],"type":"Buffer"},"service":"metrics-ms"}
{"level":"info","message":{"data":[97],"type":"Buffer"},"service":"metrics-ms"}
{"level":"info","message":{"data":[55],"type":"Buffer"},"service":"metrics-ms"}
{"level":"info","message":{"data":[45],"type":"Buffer"},"service":"metrics-ms"}
{"level":"info","message":{"data":[52],"type":"Buffer"},"service":"metrics-ms"}
{"level":"info","message":{"data":[56],"type":"Buffer"},"service":"metrics-ms"}
{"level":"info","message":{"data":[56],"type":"Buffer"},"service":"metrics-ms"}
{"level":"info","message":{"data":[50],"type":"Buffer"},"service":"metrics-ms"}
{"level":"info","message":{"data":[45],"type":"Buffer"},"service":"metrics-ms"}
{"level":"info","message":{"data":[56],"type":"Buffer"},"service":"metrics-ms"}
{"level":"info","message":{"data":[98],"type":"Buffer"},"service":"metrics-ms"}
{"level":"info","message":{"data":[48],"type":"Buffer"},"service":"metrics-ms"}
{"level":"info","message":{"data":[101],"type":"Buffer"},"service":"metrics-ms"}
{"level":"info","message":{"data":[45],"type":"Buffer"},"service":"metrics-ms"}
{"level":"info","message":{"data":[52],"type":"Buffer"},"service":"metrics-ms"}
{"level":"info","message":{"data":[97],"type":"Buffer"},"service":"metrics-ms"}
{"level":"info","message":{"data":[54],"type":"Buffer"},"service":"metrics-ms"}
{"level":"info","message":{"data":[50],"type":"Buffer"},"service":"metrics-ms"}
{"level":"info","message":{"data":[55],"type":"Buffer"},"service":"metrics-ms"}
{"level":"info","message":{"data":[49],"type":"Buffer"},"service":"metrics-ms"}
{"level":"info","message":{"data":[101],"type":"Buffer"},"service":"metrics-ms"}
{"level":"info","message":{"data":[50],"type":"Buffer"},"service":"metrics-ms"}
{"level":"info","message":{"data":[99],"type":"Buffer"},"service":"metrics-ms"}
{"level":"info","message":{"data":[55],"type":"Buffer"},"service":"metrics-ms"}
{"level":"info","message":{"data":[50],"type":"Buffer"},"service":"metrics-ms"}
{"level":"info","message":{"data":[55],"type":"Buffer"},"service":"metrics-ms"}
{"level":"info","message":{"data":[34],"type":"Buffer"},"service":"metrics-ms"}
{"level":"info","message":{"data":[44],"type":"Buffer"},"service":"metrics-ms"}
{"level":"info","message":{"data":[34],"type":"Buffer"},"service":"metrics-ms"}
{"level":"info","message":{"data":[109],"type":"Buffer"},"service":"metrics-ms"}
{"level":"info","message":{"data":[105],"type":"Buffer"},"service":"metrics-ms"}
{"level":"info","message":{"data":[100],"type":"Buffer"},"service":"metrics-ms"}
{"level":"info","message":{"data":[100],"type":"Buffer"},"service":"metrics-ms"}
{"level":"info","message":{"data":[108],"type":"Buffer"},"service":"metrics-ms"}
{"level":"info","message":{"data":[101],"type":"Buffer"},"service":"metrics-ms"}
{"level":"info","message":{"data":[119],"type":"Buffer"},"service":"metrics-ms"}
{"level":"info","message":{"data":[97],"type":"Buffer"},"service":"metrics-ms"}
{"level":"info","message":{"data":[114],"type":"Buffer"},"service":"metrics-ms"}
{"level":"info","message":{"data":[101],"type":"Buffer"},"service":"metrics-ms"}
{"level":"info","message":{"data":[34],"type":"Buffer"},"service":"metrics-ms"}
{"level":"info","message":{"data":[58],"type":"Buffer"},"service":"metrics-ms"}
{"level":"info","message":{"data":[34],"type":"Buffer"},"service":"metrics-ms"}
{"level":"info","message":{"data":[76],"type":"Buffer"},"service":"metrics-ms"}
{"level":"info","message":{"data":[111],"type":"Buffer"},"service":"metrics-ms"}
{"level":"info","message":{"data":[103],"type":"Buffer"},"service":"metrics-ms"}
{"level":"info","message":{"data":[103],"type":"Buffer"},"service":"metrics-ms"}
{"level":"info","message":{"data":[101],"type":"Buffer"},"service":"metrics-ms"}
{"level":"info","message":{"data":[114],"type":"Buffer"},"service":"metrics-ms"}
{"level":"info","message":{"data":[77],"type":"Buffer"},"service":"metrics-ms"}
{"level":"info","message":{"data":[105],"type":"Buffer"},"service":"metrics-ms"}
{"level":"info","message":{"data":[100],"type":"Buffer"},"service":"metrics-ms"}
{"level":"info","message":{"data":[100],"type":"Buffer"},"service":"metrics-ms"}
{"level":"info","message":{"data":[108],"type":"Buffer"},"service":"metrics-ms"}
{"level":"info","message":{"data":[101],"type":"Buffer"},"service":"metrics-ms"}
{"level":"info","message":{"data":[119],"type":"Buffer"},"service":"metrics-ms"}
{"level":"info","message":{"data":[97],"type":"Buffer"},"service":"metrics-ms"}
{"level":"info","message":{"data":[114],"type":"Buffer"},"service":"metrics-ms"}
{"level":"info","message":{"data":[101],"type":"Buffer"},"service":"metrics-ms"}
{"level":"info","message":{"data":[34],"type":"Buffer"},"service":"metrics-ms"}
{"level":"info","message":{"data":[44],"type":"Buffer"},"service":"metrics-ms"}
{"level":"info","message":{"data":[34],"type":"Buffer"},"service":"metrics-ms"}
{"level":"info","message":{"data":[105],"type":"Buffer"},"service":"metrics-ms"}
{"level":"info","message":{"data":[112],"type":"Buffer"},"service":"metrics-ms"}
{"level":"info","message":{"data":[34],"type":"Buffer"},"service":"metrics-ms"}
{"level":"info","message":{"data":[58],"type":"Buffer"},"service":"metrics-ms"}
{"level":"info","message":{"data":[34],"type":"Buffer"},"service":"metrics-ms"}
{"level":"info","message":{"data":[58],"type":"Buffer"},"service":"metrics-ms"}
{"level":"info","message":{"data":[58],"type":"Buffer"},"service":"metrics-ms"}
{"level":"info","message":{"data":[102],"type":"Buffer"},"service":"metrics-ms"}
{"level":"info","message":{"data":[102],"type":"Buffer"},"service":"metrics-ms"}
{"level":"info","message":{"data":[102],"type":"Buffer"},"service":"metrics-ms"}
{"level":"info","message":{"data":[102],"type":"Buffer"},"service":"metrics-ms"}
{"level":"info","message":{"data":[58],"type":"Buffer"},"service":"metrics-ms"}
{"level":"info","message":{"data":[49],"type":"Buffer"},"service":"metrics-ms"}
{"level":"info","message":{"data":[55],"type":"Buffer"},"service":"metrics-ms"}
{"level":"info","message":{"data":[50],"type":"Buffer"},"service":"metrics-ms"}
{"level":"info","message":{"data":[46],"type":"Buffer"},"service":"metrics-ms"}
{"level":"info","message":{"data":[50],"type":"Buffer"},"service":"metrics-ms"}
{"level":"info","message":{"data":[49],"type":"Buffer"},"service":"metrics-ms"}
{"level":"info","message":{"data":[46],"type":"Buffer"},"service":"metrics-ms"}
{"level":"info","message":{"data":[48],"type":"Buffer"},"service":"metrics-ms"}
{"level":"info","message":{"data":[46],"type":"Buffer"},"service":"metrics-ms"}
{"level":"info","message":{"data":[49],"type":"Buffer"},"service":"metrics-ms"}
{"level":"info","message":{"data":[34],"type":"Buffer"},"service":"metrics-ms"}
{"level":"info","message":{"data":[44],"type":"Buffer"},"service":"metrics-ms"}
{"level":"info","message":{"data":[34],"type":"Buffer"},"service":"metrics-ms"}
{"level":"info","message":{"data":[109],"type":"Buffer"},"service":"metrics-ms"}
{"level":"info","message":{"data":[101],"type":"Buffer"},"service":"metrics-ms"}
{"level":"info","message":{"data":[116],"type":"Buffer"},"service":"metrics-ms"}
{"level":"info","message":{"data":[104],"type":"Buffer"},"service":"metrics-ms"}
{"level":"info","message":{"data":[111],"type":"Buffer"},"service":"metrics-ms"}
{"level":"info","message":{"data":[100],"type":"Buffer"},"service":"metrics-ms"}
{"level":"info","message":{"data":[34],"type":"Buffer"},"service":"metrics-ms"}
{"level":"info","message":{"data":[58],"type":"Buffer"},"service":"metrics-ms"}
{"level":"info","message":{"data":[34],"type":"Buffer"},"service":"metrics-ms"}
{"level":"info","message":{"data":[71],"type":"Buffer"},"service":"metrics-ms"}
{"level":"info","message":{"data":[69],"type":"Buffer"},"service":"metrics-ms"}
{"level":"info","message":{"data":[84],"type":"Buffer"},"service":"metrics-ms"}
{"level":"info","message":{"data":[34],"type":"Buffer"},"service":"metrics-ms"}
{"level":"info","message":{"data":[44],"type":"Buffer"},"service":"metrics-ms"}
{"level":"info","message":{"data":[34],"type":"Buffer"},"service":"metrics-ms"}
{"level":"info","message":{"data":[112],"type":"Buffer"},"service":"metrics-ms"}
{"level":"info","message":{"data":[97],"type":"Buffer"},"service":"metrics-ms"}
{"level":"info","message":{"data":[116],"type":"Buffer"},"service":"metrics-ms"}
{"level":"info","message":{"data":[104],"type":"Buffer"},"service":"metrics-ms"}
{"level":"info","message":{"data":[34],"type":"Buffer"},"service":"metrics-ms"}
{"level":"info","message":{"data":[58],"type":"Buffer"},"service":"metrics-ms"}
{"level":"info","message":{"data":[34],"type":"Buffer"},"service":"metrics-ms"}
{"level":"info","message":{"data":[47],"type":"Buffer"},"service":"metrics-ms"}
{"level":"info","message":{"data":[34],"type":"Buffer"},"service":"metrics-ms"}
{"level":"info","message":{"data":[44],"type":"Buffer"},"service":"metrics-ms"}
{"level":"info","message":{"data":[34],"type":"Buffer"},"service":"metrics-ms"}
{"level":"info","message":{"data":[104],"type":"Buffer"},"service":"metrics-ms"}
{"level":"info","message":{"data":[111],"type":"Buffer"},"service":"metrics-ms"}
{"level":"info","message":{"data":[115],"type":"Buffer"},"service":"metrics-ms"}
{"level":"info","message":{"data":[116],"type":"Buffer"},"service":"metrics-ms"}
{"level":"info","message":{"data":[34],"type":"Buffer"},"service":"metrics-ms"}
{"level":"info","message":{"data":[58],"type":"Buffer"},"service":"metrics-ms"}
{"level":"info","message":{"data":[34],"type":"Buffer"},"service":"metrics-ms"}
{"level":"info","message":{"data":[108],"type":"Buffer"},"service":"metrics-ms"}
{"level":"info","message":{"data":[111],"type":"Buffer"},"service":"metrics-ms"}
{"level":"info","message":{"data":[99],"type":"Buffer"},"service":"metrics-ms"}
{"level":"info","message":{"data":[97],"type":"Buffer"},"service":"metrics-ms"}
{"level":"info","message":{"data":[108],"type":"Buffer"},"service":"metrics-ms"}
{"level":"info","message":{"data":[104],"type":"Buffer"},"service":"metrics-ms"}
{"level":"info","message":{"data":[111],"type":"Buffer"},"service":"metrics-ms"}
{"level":"info","message":{"data":[115],"type":"Buffer"},"service":"metrics-ms"}
{"level":"info","message":{"data":[116],"type":"Buffer"},"service":"metrics-ms"}
{"level":"info","message":{"data":[58],"type":"Buffer"},"service":"metrics-ms"}
{"level":"info","message":{"data":[51],"type":"Buffer"},"service":"metrics-ms"}
{"level":"info","message":{"data":[48],"type":"Buffer"},"service":"metrics-ms"}
{"level":"info","message":{"data":[48],"type":"Buffer"},"service":"metrics-ms"}
{"level":"info","message":{"data":[53],"type":"Buffer"},"service":"metrics-ms"}
{"level":"info","message":{"data":[34],"type":"Buffer"},"service":"metrics-ms"}
{"level":"info","message":{"data":[44],"type":"Buffer"},"service":"metrics-ms"}
{"level":"info","message":{"data":[34],"type":"Buffer"},"service":"metrics-ms"}
{"level":"info","message":{"data":[97],"type":"Buffer"},"service":"metrics-ms"}
{"level":"info","message":{"data":[103],"type":"Buffer"},"service":"metrics-ms"}
{"level":"info","message":{"data":[101],"type":"Buffer"},"service":"metrics-ms"}
{"level":"info","message":{"data":[110],"type":"Buffer"},"service":"metrics-ms"}
{"level":"info","message":{"data":[116],"type":"Buffer"},"service":"metrics-ms"}
{"level":"info","message":{"data":[34],"type":"Buffer"},"service":"metrics-ms"}
{"level":"info","message":{"data":[58],"type":"Buffer"},"service":"metrics-ms"}
{"level":"info","message":{"data":[34],"type":"Buffer"},"service":"metrics-ms"}
{"level":"info","message":{"data":[92],"type":"Buffer"},"service":"metrics-ms"}
{"level":"info","message":{"data":[34],"type":"Buffer"},"service":"metrics-ms"}
{"level":"info","message":{"data":[67],"type":"Buffer"},"service":"metrics-ms"}
{"level":"info","message":{"data":[104],"type":"Buffer"},"service":"metrics-ms"}
{"level":"info","message":{"data":[114],"type":"Buffer"},"service":"metrics-ms"}
{"level":"info","message":{"data":[111],"type":"Buffer"},"service":"metrics-ms"}
{"level":"info","message":{"data":[109],"type":"Buffer"},"service":"metrics-ms"}
{"level":"info","message":{"data":[105],"type":"Buffer"},"service":"metrics-ms"}
{"level":"info","message":{"data":[117],"type":"Buffer"},"service":"metrics-ms"}
{"level":"info","message":{"data":[109],"type":"Buffer"},"service":"metrics-ms"}
{"level":"info","message":{"data":[92],"type":"Buffer"},"service":"metrics-ms"}
{"level":"info","message":{"data":[34],"type":"Buffer"},"service":"metrics-ms"}
{"level":"info","message":{"data":[59],"type":"Buffer"},"service":"metrics-ms"}
{"level":"info","message":{"data":[118],"type":"Buffer"},"service":"metrics-ms"}
{"level":"info","message":{"data":[61],"type":"Buffer"},"service":"metrics-ms"}
{"level":"info","message":{"data":[92],"type":"Buffer"},"service":"metrics-ms"}
{"level":"info","message":{"data":[34],"type":"Buffer"},"service":"metrics-ms"}
{"level":"info","message":{"data":[49],"type":"Buffer"},"service":"metrics-ms"}
{"level":"info","message":{"data":[48],"type":"Buffer"},"service":"metrics-ms"}
{"level":"info","message":{"data":[52],"type":"Buffer"},"service":"metrics-ms"}
{"level":"info","message":{"data":[92],"type":"Buffer"},"service":"metrics-ms"}
{"level":"info","message":{"data":[34],"type":"Buffer"},"service":"metrics-ms"}
{"level":"info","message":{"data":[44],"type":"Buffer"},"service":"metrics-ms"}
{"level":"info","message":{"data":[32],"type":"Buffer"},"service":"metrics-ms"}
{"level":"info","message":{"data":[92],"type":"Buffer"},"service":"metrics-ms"}
{"level":"info","message":{"data":[34],"type":"Buffer"},"service":"metrics-ms"}
{"level":"info","message":{"data":[32],"type":"Buffer"},"service":"metrics-ms"}
{"level":"info","message":{"data":[78],"type":"Buffer"},"service":"metrics-ms"}
{"level":"info","message":{"data":[111],"type":"Buffer"},"service":"metrics-ms"}
{"level":"info","message":{"data":[116],"type":"Buffer"},"service":"metrics-ms"}
{"level":"info","message":{"data":[32],"type":"Buffer"},"service":"metrics-ms"}
{"level":"info","message":{"data":[65],"type":"Buffer"},"service":"metrics-ms"}
{"level":"info","message":{"data":[59],"type":"Buffer"},"service":"metrics-ms"}
{"level":"info","message":{"data":[66],"type":"Buffer"},"service":"metrics-ms"}
{"level":"info","message":{"data":[114],"type":"Buffer"},"service":"metrics-ms"}
{"level":"info","message":{"data":[97],"type":"Buffer"},"service":"metrics-ms"}
{"level":"info","message":{"data":[110],"type":"Buffer"},"service":"metrics-ms"}
{"level":"info","message":{"data":[100],"type":"Buffer"},"service":"metrics-ms"}
{"level":"info","message":{"data":[92],"type":"Buffer"},"service":"metrics-ms"}
{"level":"info","message":{"data":[34],"type":"Buffer"},"service":"metrics-ms"}
{"level":"info","message":{"data":[59],"type":"Buffer"},"service":"metrics-ms"}
{"level":"info","message":{"data":[118],"type":"Buffer"},"service":"metrics-ms"}
{"level":"info","message":{"data":[61],"type":"Buffer"},"service":"metrics-ms"}
{"level":"info","message":{"data":[92],"type":"Buffer"},"service":"metrics-ms"}
{"level":"info","message":{"data":[34],"type":"Buffer"},"service":"metrics-ms"}
{"level":"info","message":{"data":[57],"type":"Buffer"},"service":"metrics-ms"}
{"level":"info","message":{"data":[57],"type":"Buffer"},"service":"metrics-ms"}
{"level":"info","message":{"data":[92],"type":"Buffer"},"service":"metrics-ms"}
{"level":"info","message":{"data":[34],"type":"Buffer"},"service":"metrics-ms"}
{"level":"info","message":{"data":[44],"type":"Buffer"},"service":"metrics-ms"}
{"level":"info","message":{"data":[32],"type":"Buffer"},"service":"metrics-ms"}
{"level":"info","message":{"data":[92],"type":"Buffer"},"service":"metrics-ms"}
{"level":"info","message":{"data":[34],"type":"Buffer"},"service":"metrics-ms"}
{"level":"info","message":{"data":[71],"type":"Buffer"},"service":"metrics-ms"}
{"level":"info","message":{"data":[111],"type":"Buffer"},"service":"metrics-ms"}
{"level":"info","message":{"data":[111],"type":"Buffer"},"service":"metrics-ms"}
{"level":"info","message":{"data":[103],"type":"Buffer"},"service":"metrics-ms"}
{"level":"info","message":{"data":[108],"type":"Buffer"},"service":"metrics-ms"}
{"level":"info","message":{"data":[101],"type":"Buffer"},"service":"metrics-ms"}
{"level":"info","message":{"data":[32],"type":"Buffer"},"service":"metrics-ms"}
{"level":"info","message":{"data":[67],"type":"Buffer"},"service":"metrics-ms"}
{"level":"info","message":{"data":[104],"type":"Buffer"},"service":"metrics-ms"}
{"level":"info","message":{"data":[114],"type":"Buffer"},"service":"metrics-ms"}
{"level":"info","message":{"data":[111],"type":"Buffer"},"service":"metrics-ms"}
{"level":"info","message":{"data":[109],"type":"Buffer"},"service":"metrics-ms"}
{"level":"info","message":{"data":[101],"type":"Buffer"},"service":"metrics-ms"}
{"level":"info","message":{"data":[92],"type":"Buffer"},"service":"metrics-ms"}
{"level":"info","message":{"data":[34],"type":"Buffer"},"service":"metrics-ms"}
{"level":"info","message":{"data":[59],"type":"Buffer"},"service":"metrics-ms"}
{"level":"info","message":{"data":[118],"type":"Buffer"},"service":"metrics-ms"}
{"level":"info","message":{"data":[61],"type":"Buffer"},"service":"metrics-ms"}
{"level":"info","message":{"data":[92],"type":"Buffer"},"service":"metrics-ms"}
{"level":"info","message":{"data":[34],"type":"Buffer"},"service":"metrics-ms"}
{"level":"info","message":{"data":[49],"type":"Buffer"},"service":"metrics-ms"}
{"level":"info","message":{"data":[48],"type":"Buffer"},"service":"metrics-ms"}
{"level":"info","message":{"data":[52],"type":"Buffer"},"service":"metrics-ms"}
{"level":"info","message":{"data":[92],"type":"Buffer"},"service":"metrics-ms"}
{"level":"info","message":{"data":[34],"type":"Buffer"},"service":"metrics-ms"}
{"level":"info","message":{"data":[34],"type":"Buffer"},"service":"metrics-ms"}
{"level":"info","message":{"data":[44],"type":"Buffer"},"service":"metrics-ms"}
{"level":"info","message":{"data":[34],"type":"Buffer"},"service":"metrics-ms"}
{"level":"info","message":{"data":[112],"type":"Buffer"},"service":"metrics-ms"}
{"level":"info","message":{"data":[108],"type":"Buffer"},"service":"metrics-ms"}
{"level":"info","message":{"data":[97],"type":"Buffer"},"service":"metrics-ms"}
{"level":"info","message":{"data":[116],"type":"Buffer"},"service":"metrics-ms"}
{"level":"info","message":{"data":[102],"type":"Buffer"},"service":"metrics-ms"}
{"level":"info","message":{"data":[111],"type":"Buffer"},"service":"metrics-ms"}
{"level":"info","message":{"data":[114],"type":"Buffer"},"service":"metrics-ms"}
{"level":"info","message":{"data":[109],"type":"Buffer"},"service":"metrics-ms"}
{"level":"info","message":{"data":[34],"type":"Buffer"},"service":"metrics-ms"}
{"level":"info","message":{"data":[58],"type":"Buffer"},"service":"metrics-ms"}
{"level":"info","message":{"data":[34],"type":"Buffer"},"service":"metrics-ms"}
{"level":"info","message":{"data":[92],"type":"Buffer"},"service":"metrics-ms"}
{"level":"info","message":{"data":[34],"type":"Buffer"},"service":"metrics-ms"}
{"level":"info","message":{"data":[109],"type":"Buffer"},"service":"metrics-ms"}
{"level":"info","message":{"data":[97],"type":"Buffer"},"service":"metrics-ms"}
{"level":"info","message":{"data":[99],"type":"Buffer"},"service":"metrics-ms"}
{"level":"info","message":{"data":[79],"type":"Buffer"},"service":"metrics-ms"}
{"level":"info","message":{"data":[83],"type":"Buffer"},"service":"metrics-ms"}
{"level":"info","message":{"data":[92],"type":"Buffer"},"service":"metrics-ms"}
{"level":"info","message":{"data":[34],"type":"Buffer"},"service":"metrics-ms"}
{"level":"info","message":{"data":[34],"type":"Buffer"},"service":"metrics-ms"}
{"level":"info","message":{"data":[125],"type":"Buffer"},"service":"metrics-ms"}
{"level":"info","message":{"data":[123],"type":"Buffer"},"service":"metrics-ms"}
{"level":"info","message":{"data":[34],"type":"Buffer"},"service":"metrics-ms"}
{"level":"info","message":{"data":[116],"type":"Buffer"},"service":"metrics-ms"}
{"level":"info","message":{"data":[114],"type":"Buffer"},"service":"metrics-ms"}
{"level":"info","message":{"data":[97],"type":"Buffer"},"service":"metrics-ms"}
{"level":"info","message":{"data":[99],"type":"Buffer"},"service":"metrics-ms"}
{"level":"info","message":{"data":[123],"type":"Buffer"},"service":"metrics-ms"}
{"level":"info","message":{"data":[101],"type":"Buffer"},"service":"metrics-ms"}
{"level":"info","message":{"data":[34],"type":"Buffer"},"service":"metrics-ms"}
{"level":"info","message":{"data":[73],"type":"Buffer"},"service":"metrics-ms"}
{"level":"info","message":{"data":[116],"type":"Buffer"},"service":"metrics-ms"}
{"level":"info","message":{"data":[100],"type":"Buffer"},"service":"metrics-ms"}
{"level":"info","message":{"data":[114],"type":"Buffer"},"service":"metrics-ms"}
{"level":"info","message":{"data":[34],"type":"Buffer"},"service":"metrics-ms"}
{"level":"info","message":{"data":[97],"type":"Buffer"},"service":"metrics-ms"}
{"level":"info","message":{"data":[58],"type":"Buffer"},"service":"metrics-ms"}
{"level":"info","message":{"data":[99],"type":"Buffer"},"service":"metrics-ms"}
{"level":"info","message":{"data":[34],"type":"Buffer"},"service":"metrics-ms"}
{"level":"info","message":{"data":[101],"type":"Buffer"},"service":"metrics-ms"}
{"level":"info","message":{"data":[57],"type":"Buffer"},"service":"metrics-ms"}
{"level":"info","message":{"data":[73],"type":"Buffer"},"service":"metrics-ms"}
{"level":"info","message":{"data":[100],"type":"Buffer"},"service":"metrics-ms"}
{"level":"info","message":{"data":[100],"type":"Buffer"},"service":"metrics-ms"}
{"level":"info","message":{"data":[53],"type":"Buffer"},"service":"metrics-ms"}
{"level":"info","message":{"data":[34],"type":"Buffer"},"service":"metrics-ms"}
{"level":"info","message":{"data":[53],"type":"Buffer"},"service":"metrics-ms"}
{"level":"info","message":{"data":[58],"type":"Buffer"},"service":"metrics-ms"}
{"level":"info","message":{"data":[49],"type":"Buffer"},"service":"metrics-ms"}
{"level":"info","message":{"data":[34],"type":"Buffer"},"service":"metrics-ms"}
{"level":"info","message":{"data":[56],"type":"Buffer"},"service":"metrics-ms"}
{"level":"info","message":{"data":[97],"type":"Buffer"},"service":"metrics-ms"}
{"level":"info","message":{"data":[54],"type":"Buffer"},"service":"metrics-ms"}
{"level":"info","message":{"data":[50],"type":"Buffer"},"service":"metrics-ms"}
{"level":"info","message":{"data":[53],"type":"Buffer"},"service":"metrics-ms"}
{"level":"info","message":{"data":[100],"type":"Buffer"},"service":"metrics-ms"}
{"level":"info","message":{"data":[45],"type":"Buffer"},"service":"metrics-ms"}
{"level":"info","message":{"data":[98],"type":"Buffer"},"service":"metrics-ms"}
{"level":"info","message":{"data":[54],"type":"Buffer"},"service":"metrics-ms"}
{"level":"info","message":{"data":[100],"type":"Buffer"},"service":"metrics-ms"}
{"level":"info","message":{"data":[49],"type":"Buffer"},"service":"metrics-ms"}
{"level":"info","message":{"data":[48],"type":"Buffer"},"service":"metrics-ms"}
{"level":"info","message":{"data":[50],"type":"Buffer"},"service":"metrics-ms"}
{"level":"info","message":{"data":[100],"type":"Buffer"},"service":"metrics-ms"}
{"level":"info","message":{"data":[55],"type":"Buffer"},"service":"metrics-ms"}
{"level":"info","message":{"data":[101],"type":"Buffer"},"service":"metrics-ms"}
{"level":"info","message":{"data":[45],"type":"Buffer"},"service":"metrics-ms"}
{"level":"info","message":{"data":[45],"type":"Buffer"},"service":"metrics-ms"}
{"level":"info","message":{"data":[52],"type":"Buffer"},"service":"metrics-ms"}
{"level":"info","message":{"data":[54],"type":"Buffer"},"service":"metrics-ms"}
{"level":"info","message":{"data":[97],"type":"Buffer"},"service":"metrics-ms"}
{"level":"info","message":{"data":[54],"type":"Buffer"},"service":"metrics-ms"}
{"level":"info","message":{"data":[101],"type":"Buffer"},"service":"metrics-ms"}
{"level":"info","message":{"data":[48],"type":"Buffer"},"service":"metrics-ms"}
{"level":"info","message":{"data":[99],"type":"Buffer"},"service":"metrics-ms"}
{"level":"info","message":{"data":[54],"type":"Buffer"},"service":"metrics-ms"}
{"level":"info","message":{"data":[45],"type":"Buffer"},"service":"metrics-ms"}
{"level":"info","message":{"data":[45],"type":"Buffer"},"service":"metrics-ms"}
{"level":"info","message":{"data":[56],"type":"Buffer"},"service":"metrics-ms"}
{"level":"info","message":{"data":[52],"type":"Buffer"},"service":"metrics-ms"}
{"level":"info","message":{"data":[52],"type":"Buffer"},"service":"metrics-ms"}
{"level":"info","message":{"data":[55],"type":"Buffer"},"service":"metrics-ms"}
{"level":"info","message":{"data":[52],"type":"Buffer"},"service":"metrics-ms"}
{"level":"info","message":{"data":[101],"type":"Buffer"},"service":"metrics-ms"}
{"level":"info","message":{"data":[55],"type":"Buffer"},"service":"metrics-ms"}
{"level":"info","message":{"data":[101],"type":"Buffer"},"service":"metrics-ms"}
{"level":"info","message":{"data":[45],"type":"Buffer"},"service":"metrics-ms"}
{"level":"info","message":{"data":[45],"type":"Buffer"},"service":"metrics-ms"}
{"level":"info","message":{"data":[97],"type":"Buffer"},"service":"metrics-ms"}
{"level":"info","message":{"data":[57],"type":"Buffer"},"service":"metrics-ms"}
{"level":"info","message":{"data":[52],"type":"Buffer"},"service":"metrics-ms"}
{"level":"info","message":{"data":[55],"type":"Buffer"},"service":"metrics-ms"}
{"level":"info","message":{"data":[98],"type":"Buffer"},"service":"metrics-ms"}
{"level":"info","message":{"data":[100],"type":"Buffer"},"service":"metrics-ms"}
{"level":"info","message":{"data":[50],"type":"Buffer"},"service":"metrics-ms"}
{"level":"info","message":{"data":[53],"type":"Buffer"},"service":"metrics-ms"}
{"level":"info","message":{"data":[49],"type":"Buffer"},"service":"metrics-ms"}
{"level":"info","message":{"data":[45],"type":"Buffer"},"service":"metrics-ms"}
{"level":"info","message":{"data":[57],"type":"Buffer"},"service":"metrics-ms"}
{"level":"info","message":{"data":[98],"type":"Buffer"},"service":"metrics-ms"}
{"level":"info","message":{"data":[50],"type":"Buffer"},"service":"metrics-ms"}
{"level":"info","message":{"data":[102],"type":"Buffer"},"service":"metrics-ms"}
{"level":"info","message":{"data":[102],"type":"Buffer"},"service":"metrics-ms"}
{"level":"info","message":{"data":[51],"type":"Buffer"},"service":"metrics-ms"}
{"level":"info","message":{"data":[53],"type":"Buffer"},"service":"metrics-ms"}
{"level":"info","message":{"data":[98],"type":"Buffer"},"service":"metrics-ms"}
{"level":"info","message":{"data":[54],"type":"Buffer"},"service":"metrics-ms"}
{"level":"info","message":{"data":[99],"type":"Buffer"},"service":"metrics-ms"}
{"level":"info","message":{"data":[97],"type":"Buffer"},"service":"metrics-ms"}
{"level":"info","message":{"data":[101],"type":"Buffer"},"service":"metrics-ms"}
{"level":"info","message":{"data":[48],"type":"Buffer"},"service":"metrics-ms"}
{"level":"info","message":{"data":[50],"type":"Buffer"},"service":"metrics-ms"}
{"level":"info","message":{"data":[34],"type":"Buffer"},"service":"metrics-ms"}
{"level":"info","message":{"data":[101],"type":"Buffer"},"service":"metrics-ms"}
{"level":"info","message":{"data":[44],"type":"Buffer"},"service":"metrics-ms"}
{"level":"info","message":{"data":[54],"type":"Buffer"},"service":"metrics-ms"}
{"level":"info","message":{"data":[34],"type":"Buffer"},"service":"metrics-ms"}
{"level":"info","message":{"data":[56],"type":"Buffer"},"service":"metrics-ms"}
{"level":"info","message":{"data":[109],"type":"Buffer"},"service":"metrics-ms"}
{"level":"info","message":{"data":[97],"type":"Buffer"},"service":"metrics-ms"}
{"level":"info","message":{"data":[105],"type":"Buffer"},"service":"metrics-ms"}
{"level":"info","message":{"data":[100],"type":"Buffer"},"service":"metrics-ms"}
{"level":"info","message":{"data":[100],"type":"Buffer"},"service":"metrics-ms"}
{"level":"info","message":{"data":[34],"type":"Buffer"},"service":"metrics-ms"}
{"level":"info","message":{"data":[100],"type":"Buffer"},"service":"metrics-ms"}
{"level":"info","message":{"data":[44],"type":"Buffer"},"service":"metrics-ms"}
{"level":"info","message":{"data":[108],"type":"Buffer"},"service":"metrics-ms"}
{"level":"info","message":{"data":[34],"type":"Buffer"},"service":"metrics-ms"}
{"level":"info","message":{"data":[101],"type":"Buffer"},"service":"metrics-ms"}
{"level":"info","message":{"data":[109],"type":"Buffer"},"service":"metrics-ms"}
{"level":"info","message":{"data":[119],"type":"Buffer"},"service":"metrics-ms"}
{"level":"info","message":{"data":[105],"type":"Buffer"},"service":"metrics-ms"}
{"level":"info","message":{"data":[97],"type":"Buffer"},"service":"metrics-ms"}
{"level":"info","message":{"data":[100],"type":"Buffer"},"service":"metrics-ms"}
{"level":"info","message":{"data":[114],"type":"Buffer"},"service":"metrics-ms"}
{"level":"info","message":{"data":[100],"type":"Buffer"},"service":"metrics-ms"}
{"level":"info","message":{"data":[101],"type":"Buffer"},"service":"metrics-ms"}
{"level":"info","message":{"data":[108],"type":"Buffer"},"service":"metrics-ms"}
{"level":"info","message":{"data":[34],"type":"Buffer"},"service":"metrics-ms"}
{"level":"info","message":{"data":[101],"type":"Buffer"},"service":"metrics-ms"}
{"level":"info","message":{"data":[58],"type":"Buffer"},"service":"metrics-ms"}
{"level":"info","message":{"data":[119],"type":"Buffer"},"service":"metrics-ms"}
{"level":"info","message":{"data":[34],"type":"Buffer"},"service":"metrics-ms"}
{"level":"info","message":{"data":[97],"type":"Buffer"},"service":"metrics-ms"}
{"level":"info","message":{"data":[76],"type":"Buffer"},"service":"metrics-ms"}
{"level":"info","message":{"data":[114],"type":"Buffer"},"service":"metrics-ms"}
{"level":"info","message":{"data":[111],"type":"Buffer"},"service":"metrics-ms"}
{"level":"info","message":{"data":[101],"type":"Buffer"},"service":"metrics-ms"}
{"level":"info","message":{"data":[103],"type":"Buffer"},"service":"metrics-ms"}
{"level":"info","message":{"data":[34],"type":"Buffer"},"service":"metrics-ms"}
{"level":"info","message":{"data":[103],"type":"Buffer"},"service":"metrics-ms"}
{"level":"info","message":{"data":[58],"type":"Buffer"},"service":"metrics-ms"}
{"level":"info","message":{"data":[101],"type":"Buffer"},"service":"metrics-ms"}
{"level":"info","message":{"data":[34],"type":"Buffer"},"service":"metrics-ms"}
{"level":"info","message":{"data":[114],"type":"Buffer"},"service":"metrics-ms"}
{"level":"info","message":{"data":[76],"type":"Buffer"},"service":"metrics-ms"}
{"level":"info","message":{"data":[77],"type":"Buffer"},"service":"metrics-ms"}
{"level":"info","message":{"data":[111],"type":"Buffer"},"service":"metrics-ms"}
{"level":"info","message":{"data":[105],"type":"Buffer"},"service":"metrics-ms"}
{"level":"info","message":{"data":[103],"type":"Buffer"},"service":"metrics-ms"}
{"level":"info","message":{"data":[100],"type":"Buffer"},"service":"metrics-ms"}
{"level":"info","message":{"data":[103],"type":"Buffer"},"service":"metrics-ms"}
{"level":"info","message":{"data":[100],"type":"Buffer"},"service":"metrics-ms"}
{"level":"info","message":{"data":[101],"type":"Buffer"},"service":"metrics-ms"}
{"level":"info","message":{"data":[108],"type":"Buffer"},"service":"metrics-ms"}
{"level":"info","message":{"data":[114],"type":"Buffer"},"service":"metrics-ms"}
{"level":"info","message":{"data":[101],"type":"Buffer"},"service":"metrics-ms"}
{"level":"info","message":{"data":[77],"type":"Buffer"},"service":"metrics-ms"}
{"level":"info","message":{"data":[119],"type":"Buffer"},"service":"metrics-ms"}
{"level":"info","message":{"data":[105],"type":"Buffer"},"service":"metrics-ms"}
{"level":"info","message":{"data":[97],"type":"Buffer"},"service":"metrics-ms"}
{"level":"info","message":{"data":[100],"type":"Buffer"},"service":"metrics-ms"}
{"level":"info","message":{"data":[114],"type":"Buffer"},"service":"metrics-ms"}
{"level":"info","message":{"data":[100],"type":"Buffer"},"service":"metrics-ms"}
{"level":"info","message":{"data":[101],"type":"Buffer"},"service":"metrics-ms"}
{"level":"info","message":{"data":[108],"type":"Buffer"},"service":"metrics-ms"}
{"level":"info","message":{"data":[34],"type":"Buffer"},"service":"metrics-ms"}
{"level":"info","message":{"data":[101],"type":"Buffer"},"service":"metrics-ms"}
{"level":"info","message":{"data":[44],"type":"Buffer"},"service":"metrics-ms"}
{"level":"info","message":{"data":[119],"type":"Buffer"},"service":"metrics-ms"}
{"level":"info","message":{"data":[34],"type":"Buffer"},"service":"metrics-ms"}
{"level":"info","message":{"data":[97],"type":"Buffer"},"service":"metrics-ms"}
{"level":"info","message":{"data":[105],"type":"Buffer"},"service":"metrics-ms"}
{"level":"info","message":{"data":[114],"type":"Buffer"},"service":"metrics-ms"}
{"level":"info","message":{"data":[112],"type":"Buffer"},"service":"metrics-ms"}
{"level":"info","message":{"data":[101],"type":"Buffer"},"service":"metrics-ms"}
{"level":"info","message":{"data":[34],"type":"Buffer"},"service":"metrics-ms"}
{"level":"info","message":{"data":[34],"type":"Buffer"},"service":"metrics-ms"}
{"level":"info","message":{"data":[58],"type":"Buffer"},"service":"metrics-ms"}
{"level":"info","message":{"data":[44],"type":"Buffer"},"service":"metrics-ms"}
{"level":"info","message":{"data":[34],"type":"Buffer"},"service":"metrics-ms"}
{"level":"info","message":{"data":[34],"type":"Buffer"},"service":"metrics-ms"}
{"level":"info","message":{"data":[58],"type":"Buffer"},"service":"metrics-ms"}
{"level":"info","message":{"data":[105],"type":"Buffer"},"service":"metrics-ms"}
{"level":"info","message":{"data":[58],"type":"Buffer"},"service":"metrics-ms"}
{"level":"info","message":{"data":[112],"type":"Buffer"},"service":"metrics-ms"}
{"level":"info","message":{"data":[102],"type":"Buffer"},"service":"metrics-ms"}
{"level":"info","message":{"data":[34],"type":"Buffer"},"service":"metrics-ms"}
{"level":"info","message":{"data":[102],"type":"Buffer"},"service":"metrics-ms"}
{"level":"info","message":{"data":[58],"type":"Buffer"},"service":"metrics-ms"}
{"level":"info","message":{"data":[102],"type":"Buffer"},"service":"metrics-ms"}
{"level":"info","message":{"data":[34],"type":"Buffer"},"service":"metrics-ms"}
{"level":"info","message":{"data":[102],"type":"Buffer"},"service":"metrics-ms"}
{"level":"info","message":{"data":[58],"type":"Buffer"},"service":"metrics-ms"}
{"level":"info","message":{"data":[58],"type":"Buffer"},"service":"metrics-ms"}
{"level":"info","message":{"data":[58],"type":"Buffer"},"service":"metrics-ms"}
{"level":"info","message":{"data":[49],"type":"Buffer"},"service":"metrics-ms"}
{"level":"info","message":{"data":[102],"type":"Buffer"},"service":"metrics-ms"}
{"level":"info","message":{"data":[55],"type":"Buffer"},"service":"metrics-ms"}
{"level":"info","message":{"data":[102],"type":"Buffer"},"service":"metrics-ms"}
{"level":"info","message":{"data":[50],"type":"Buffer"},"service":"metrics-ms"}
{"level":"info","message":{"data":[102],"type":"Buffer"},"service":"metrics-ms"}
{"level":"info","message":{"data":[46],"type":"Buffer"},"service":"metrics-ms"}
{"level":"info","message":{"data":[102],"type":"Buffer"},"service":"metrics-ms"}
{"level":"info","message":{"data":[50],"type":"Buffer"},"service":"metrics-ms"}
{"level":"info","message":{"data":[58],"type":"Buffer"},"service":"metrics-ms"}
{"level":"info","message":{"data":[49],"type":"Buffer"},"service":"metrics-ms"}
{"level":"info","message":{"data":[49],"type":"Buffer"},"service":"metrics-ms"}
{"level":"info","message":{"data":[46],"type":"Buffer"},"service":"metrics-ms"}
{"level":"info","message":{"data":[55],"type":"Buffer"},"service":"metrics-ms"}
{"level":"info","message":{"data":[48],"type":"Buffer"},"service":"metrics-ms"}
{"level":"info","message":{"data":[50],"type":"Buffer"},"service":"metrics-ms"}
{"level":"info","message":{"data":[46],"type":"Buffer"},"service":"metrics-ms"}
{"level":"info","message":{"data":[46],"type":"Buffer"},"service":"metrics-ms"}
{"level":"info","message":{"data":[49],"type":"Buffer"},"service":"metrics-ms"}
{"level":"info","message":{"data":[50],"type":"Buffer"},"service":"metrics-ms"}
{"level":"info","message":{"data":[34],"type":"Buffer"},"service":"metrics-ms"}
{"level":"info","message":{"data":[49],"type":"Buffer"},"service":"metrics-ms"}
{"level":"info","message":{"data":[44],"type":"Buffer"},"service":"metrics-ms"}
{"level":"info","message":{"data":[46],"type":"Buffer"},"service":"metrics-ms"}
{"level":"info","message":{"data":[34],"type":"Buffer"},"service":"metrics-ms"}
{"level":"info","message":{"data":[48],"type":"Buffer"},"service":"metrics-ms"}
{"level":"info","message":{"data":[109],"type":"Buffer"},"service":"metrics-ms"}
{"level":"info","message":{"data":[46],"type":"Buffer"},"service":"metrics-ms"}
{"level":"info","message":{"data":[101],"type":"Buffer"},"service":"metrics-ms"}
{"level":"info","message":{"data":[49],"type":"Buffer"},"service":"metrics-ms"}
{"level":"info","message":{"data":[116],"type":"Buffer"},"service":"metrics-ms"}
{"level":"info","message":{"data":[34],"type":"Buffer"},"service":"metrics-ms"}
{"level":"info","message":{"data":[104],"type":"Buffer"},"service":"metrics-ms"}
{"level":"info","message":{"data":[44],"type":"Buffer"},"service":"metrics-ms"}
{"level":"info","message":{"data":[111],"type":"Buffer"},"service":"metrics-ms"}
{"level":"info","message":{"data":[34],"type":"Buffer"},"service":"metrics-ms"}
{"level":"info","message":{"data":[100],"type":"Buffer"},"service":"metrics-ms"}
{"level":"info","message":{"data":[109],"type":"Buffer"},"service":"metrics-ms"}
{"level":"info","message":{"data":[34],"type":"Buffer"},"service":"metrics-ms"}
{"level":"info","message":{"data":[101],"type":"Buffer"},"service":"metrics-ms"}
{"level":"info","message":{"data":[58],"type":"Buffer"},"service":"metrics-ms"}
{"level":"info","message":{"data":[116],"type":"Buffer"},"service":"metrics-ms"}
{"level":"info","message":{"data":[34],"type":"Buffer"},"service":"metrics-ms"}
{"level":"info","message":{"data":[104],"type":"Buffer"},"service":"metrics-ms"}
{"level":"info","message":{"data":[80],"type":"Buffer"},"service":"metrics-ms"}
{"level":"info","message":{"data":[111],"type":"Buffer"},"service":"metrics-ms"}
{"level":"info","message":{"data":[79],"type":"Buffer"},"service":"metrics-ms"}
{"level":"info","message":{"data":[100],"type":"Buffer"},"service":"metrics-ms"}
{"level":"info","message":{"data":[83],"type":"Buffer"},"service":"metrics-ms"}
{"level":"info","message":{"data":[34],"type":"Buffer"},"service":"metrics-ms"}
{"level":"info","message":{"data":[84],"type":"Buffer"},"service":"metrics-ms"}
{"level":"info","message":{"data":[58],"type":"Buffer"},"service":"metrics-ms"}
{"level":"info","message":{"data":[34],"type":"Buffer"},"service":"metrics-ms"}
{"level":"info","message":{"data":[34],"type":"Buffer"},"service":"metrics-ms"}
{"level":"info","message":{"data":[44],"type":"Buffer"},"service":"metrics-ms"}
{"level":"info","message":{"data":[80],"type":"Buffer"},"service":"metrics-ms"}
{"level":"info","message":{"data":[34],"type":"Buffer"},"service":"metrics-ms"}
{"level":"info","message":{"data":[79],"type":"Buffer"},"service":"metrics-ms"}
{"level":"info","message":{"data":[112],"type":"Buffer"},"service":"metrics-ms"}
{"level":"info","message":{"data":[83],"type":"Buffer"},"service":"metrics-ms"}
{"level":"info","message":{"data":[97],"type":"Buffer"},"service":"metrics-ms"}
{"level":"info","message":{"data":[84],"type":"Buffer"},"service":"metrics-ms"}
{"level":"info","message":{"data":[116],"type":"Buffer"},"service":"metrics-ms"}
{"level":"info","message":{"data":[34],"type":"Buffer"},"service":"metrics-ms"}
{"level":"info","message":{"data":[104],"type":"Buffer"},"service":"metrics-ms"}
{"level":"info","message":{"data":[44],"type":"Buffer"},"service":"metrics-ms"}
{"level":"info","message":{"data":[34],"type":"Buffer"},"service":"metrics-ms"}
{"level":"info","message":{"data":[34],"type":"Buffer"},"service":"metrics-ms"}
{"level":"info","message":{"data":[58],"type":"Buffer"},"service":"metrics-ms"}
{"level":"info","message":{"data":[112],"type":"Buffer"},"service":"metrics-ms"}
{"level":"info","message":{"data":[34],"type":"Buffer"},"service":"metrics-ms"}
{"level":"info","message":{"data":[97],"type":"Buffer"},"service":"metrics-ms"}
{"level":"info","message":{"data":[47],"type":"Buffer"},"service":"metrics-ms"}
{"level":"info","message":{"data":[116],"type":"Buffer"},"service":"metrics-ms"}
{"level":"info","message":{"data":[34],"type":"Buffer"},"service":"metrics-ms"}
{"level":"info","message":{"data":[104],"type":"Buffer"},"service":"metrics-ms"}
{"level":"info","message":{"data":[44],"type":"Buffer"},"service":"metrics-ms"}
{"level":"info","message":{"data":[34],"type":"Buffer"},"service":"metrics-ms"}
{"level":"info","message":{"data":[34],"type":"Buffer"},"service":"metrics-ms"}
{"level":"info","message":{"data":[58],"type":"Buffer"},"service":"metrics-ms"}
{"level":"info","message":{"data":[104],"type":"Buffer"},"service":"metrics-ms"}
{"level":"info","message":{"data":[34],"type":"Buffer"},"service":"metrics-ms"}
{"level":"info","message":{"data":[111],"type":"Buffer"},"service":"metrics-ms"}
{"level":"info","message":{"data":[47],"type":"Buffer"},"service":"metrics-ms"}
{"level":"info","message":{"data":[115],"type":"Buffer"},"service":"metrics-ms"}
{"level":"info","message":{"data":[34],"type":"Buffer"},"service":"metrics-ms"}
{"level":"info","message":{"data":[116],"type":"Buffer"},"service":"metrics-ms"}
{"level":"info","message":{"data":[44],"type":"Buffer"},"service":"metrics-ms"}
{"level":"info","message":{"data":[34],"type":"Buffer"},"service":"metrics-ms"}
{"level":"info","message":{"data":[34],"type":"Buffer"},"service":"metrics-ms"}
{"level":"info","message":{"data":[58],"type":"Buffer"},"service":"metrics-ms"}
{"level":"info","message":{"data":[104],"type":"Buffer"},"service":"metrics-ms"}
{"level":"info","message":{"data":[34],"type":"Buffer"},"service":"metrics-ms"}
{"level":"info","message":{"data":[111],"type":"Buffer"},"service":"metrics-ms"}
{"level":"info","message":{"data":[108],"type":"Buffer"},"service":"metrics-ms"}
{"level":"info","message":{"data":[115],"type":"Buffer"},"service":"metrics-ms"}
{"level":"info","message":{"data":[111],"type":"Buffer"},"service":"metrics-ms"}
{"level":"info","message":{"data":[116],"type":"Buffer"},"service":"metrics-ms"}
{"level":"info","message":{"data":[99],"type":"Buffer"},"service":"metrics-ms"}
{"level":"info","message":{"data":[34],"type":"Buffer"},"service":"metrics-ms"}
{"level":"info","message":{"data":[97],"type":"Buffer"},"service":"metrics-ms"}
{"level":"info","message":{"data":[58],"type":"Buffer"},"service":"metrics-ms"}
{"level":"info","message":{"data":[108],"type":"Buffer"},"service":"metrics-ms"}
{"level":"info","message":{"data":[34],"type":"Buffer"},"service":"metrics-ms"}
{"level":"info","message":{"data":[104],"type":"Buffer"},"service":"metrics-ms"}
{"level":"info","message":{"data":[108],"type":"Buffer"},"service":"metrics-ms"}
{"level":"info","message":{"data":[111],"type":"Buffer"},"service":"metrics-ms"}
{"level":"info","message":{"data":[111],"type":"Buffer"},"service":"metrics-ms"}
{"level":"info","message":{"data":[115],"type":"Buffer"},"service":"metrics-ms"}
{"level":"info","message":{"data":[99],"type":"Buffer"},"service":"metrics-ms"}
{"level":"info","message":{"data":[116],"type":"Buffer"},"service":"metrics-ms"}
{"level":"info","message":{"data":[97],"type":"Buffer"},"service":"metrics-ms"}
{"level":"info","message":{"data":[58],"type":"Buffer"},"service":"metrics-ms"}
{"level":"info","message":{"data":[108],"type":"Buffer"},"service":"metrics-ms"}
{"level":"info","message":{"data":[51],"type":"Buffer"},"service":"metrics-ms"}
{"level":"info","message":{"data":[104],"type":"Buffer"},"service":"metrics-ms"}
{"level":"info","message":{"data":[48],"type":"Buffer"},"service":"metrics-ms"}
{"level":"info","message":{"data":[111],"type":"Buffer"},"service":"metrics-ms"}
{"level":"info","message":{"data":[48],"type":"Buffer"},"service":"metrics-ms"}
{"level":"info","message":{"data":[115],"type":"Buffer"},"service":"metrics-ms"}
{"level":"info","message":{"data":[53],"type":"Buffer"},"service":"metrics-ms"}
{"level":"info","message":{"data":[116],"type":"Buffer"},"service":"metrics-ms"}
{"level":"info","message":{"data":[34],"type":"Buffer"},"service":"metrics-ms"}
{"level":"info","message":{"data":[58],"type":"Buffer"},"service":"metrics-ms"}
{"level":"info","message":{"data":[44],"type":"Buffer"},"service":"metrics-ms"}
{"level":"info","message":{"data":[51],"type":"Buffer"},"service":"metrics-ms"}
{"level":"info","message":{"data":[34],"type":"Buffer"},"service":"metrics-ms"}
{"level":"info","message":{"data":[48],"type":"Buffer"},"service":"metrics-ms"}
{"level":"info","message":{"data":[97],"type":"Buffer"},"service":"metrics-ms"}
{"level":"info","message":{"data":[48],"type":"Buffer"},"service":"metrics-ms"}
{"level":"info","message":{"data":[103],"type":"Buffer"},"service":"metrics-ms"}
{"level":"info","message":{"data":[53],"type":"Buffer"},"service":"metrics-ms"}
{"level":"info","message":{"data":[101],"type":"Buffer"},"service":"metrics-ms"}
{"level":"info","message":{"data":[34],"type":"Buffer"},"service":"metrics-ms"}
{"level":"info","message":{"data":[110],"type":"Buffer"},"service":"metrics-ms"}
{"level":"info","message":{"data":[44],"type":"Buffer"},"service":"metrics-ms"}
{"level":"info","message":{"data":[116],"type":"Buffer"},"service":"metrics-ms"}
{"level":"info","message":{"data":[34],"type":"Buffer"},"service":"metrics-ms"}
{"level":"info","message":{"data":[34],"type":"Buffer"},"service":"metrics-ms"}
{"level":"info","message":{"data":[97],"type":"Buffer"},"service":"metrics-ms"}
{"level":"info","message":{"data":[58],"type":"Buffer"},"service":"metrics-ms"}
{"level":"info","message":{"data":[103],"type":"Buffer"},"service":"metrics-ms"}
{"level":"info","message":{"data":[34],"type":"Buffer"},"service":"metrics-ms"}
{"level":"info","message":{"data":[101],"type":"Buffer"},"service":"metrics-ms"}
{"level":"info","message":{"data":[92],"type":"Buffer"},"service":"metrics-ms"}
{"level":"info","message":{"data":[110],"type":"Buffer"},"service":"metrics-ms"}
{"level":"info","message":{"data":[34],"type":"Buffer"},"service":"metrics-ms"}
{"level":"info","message":{"data":[116],"type":"Buffer"},"service":"metrics-ms"}
{"level":"info","message":{"data":[67],"type":"Buffer"},"service":"metrics-ms"}
{"level":"info","message":{"data":[34],"type":"Buffer"},"service":"metrics-ms"}
{"level":"info","message":{"data":[104],"type":"Buffer"},"service":"metrics-ms"}
{"level":"info","message":{"data":[58],"type":"Buffer"},"service":"metrics-ms"}
{"level":"info","message":{"data":[114],"type":"Buffer"},"service":"metrics-ms"}
{"level":"info","message":{"data":[34],"type":"Buffer"},"service":"metrics-ms"}
{"level":"info","message":{"data":[111],"type":"Buffer"},"service":"metrics-ms"}
{"level":"info","message":{"data":[92],"type":"Buffer"},"service":"metrics-ms"}
{"level":"info","message":{"data":[109],"type":"Buffer"},"service":"metrics-ms"}
{"level":"info","message":{"data":[34],"type":"Buffer"},"service":"metrics-ms"}
{"level":"info","message":{"data":[105],"type":"Buffer"},"service":"metrics-ms"}
{"level":"info","message":{"data":[67],"type":"Buffer"},"service":"metrics-ms"}
{"level":"info","message":{"data":[117],"type":"Buffer"},"service":"metrics-ms"}
{"level":"info","message":{"data":[104],"type":"Buffer"},"service":"metrics-ms"}
{"level":"info","message":{"data":[109],"type":"Buffer"},"service":"metrics-ms"}
{"level":"info","message":{"data":[114],"type":"Buffer"},"service":"metrics-ms"}
{"level":"info","message":{"data":[92],"type":"Buffer"},"service":"metrics-ms"}
{"level":"info","message":{"data":[111],"type":"Buffer"},"service":"metrics-ms"}
{"level":"info","message":{"data":[34],"type":"Buffer"},"service":"metrics-ms"}
{"level":"info","message":{"data":[109],"type":"Buffer"},"service":"metrics-ms"}
{"level":"info","message":{"data":[59],"type":"Buffer"},"service":"metrics-ms"}
{"level":"info","message":{"data":[105],"type":"Buffer"},"service":"metrics-ms"}
{"level":"info","message":{"data":[118],"type":"Buffer"},"service":"metrics-ms"}
{"level":"info","message":{"data":[117],"type":"Buffer"},"service":"metrics-ms"}
{"level":"info","message":{"data":[61],"type":"Buffer"},"service":"metrics-ms"}
{"level":"info","message":{"data":[109],"type":"Buffer"},"service":"metrics-ms"}
{"level":"info","message":{"data":[92],"type":"Buffer"},"service":"metrics-ms"}
{"level":"info","message":{"data":[92],"type":"Buffer"},"service":"metrics-ms"}
{"level":"info","message":{"data":[34],"type":"Buffer"},"service":"metrics-ms"}
{"level":"info","message":{"data":[34],"type":"Buffer"},"service":"metrics-ms"}
{"level":"info","message":{"data":[49],"type":"Buffer"},"service":"metrics-ms"}
{"level":"info","message":{"data":[59],"type":"Buffer"},"service":"metrics-ms"}
{"level":"info","message":{"data":[48],"type":"Buffer"},"service":"metrics-ms"}
{"level":"info","message":{"data":[118],"type":"Buffer"},"service":"metrics-ms"}
{"level":"info","message":{"data":[52],"type":"Buffer"},"service":"metrics-ms"}
{"level":"info","message":{"data":[61],"type":"Buffer"},"service":"metrics-ms"}
{"level":"info","message":{"data":[92],"type":"Buffer"},"service":"metrics-ms"}
{"level":"info","message":{"data":[92],"type":"Buffer"},"service":"metrics-ms"}
{"level":"info","message":{"data":[34],"type":"Buffer"},"service":"metrics-ms"}
{"level":"info","message":{"data":[34],"type":"Buffer"},"service":"metrics-ms"}
{"level":"info","message":{"data":[44],"type":"Buffer"},"service":"metrics-ms"}
{"level":"info","message":{"data":[49],"type":"Buffer"},"service":"metrics-ms"}
{"level":"info","message":{"data":[32],"type":"Buffer"},"service":"metrics-ms"}
{"level":"info","message":{"data":[48],"type":"Buffer"},"service":"metrics-ms"}
{"level":"info","message":{"data":[92],"type":"Buffer"},"service":"metrics-ms"}
{"level":"info","message":{"data":[52],"type":"Buffer"},"service":"metrics-ms"}
{"level":"info","message":{"data":[34],"type":"Buffer"},"service":"metrics-ms"}
{"level":"info","message":{"data":[92],"type":"Buffer"},"service":"metrics-ms"}
{"level":"info","message":{"data":[32],"type":"Buffer"},"service":"metrics-ms"}
{"level":"info","message":{"data":[34],"type":"Buffer"},"service":"metrics-ms"}
{"level":"info","message":{"data":[78],"type":"Buffer"},"service":"metrics-ms"}
{"level":"info","message":{"data":[44],"type":"Buffer"},"service":"metrics-ms"}
{"level":"info","message":{"data":[111],"type":"Buffer"},"service":"metrics-ms"}
{"level":"info","message":{"data":[32],"type":"Buffer"},"service":"metrics-ms"}
{"level":"info","message":{"data":[116],"type":"Buffer"},"service":"metrics-ms"}
{"level":"info","message":{"data":[92],"type":"Buffer"},"service":"metrics-ms"}
{"level":"info","message":{"data":[32],"type":"Buffer"},"service":"metrics-ms"}
{"level":"info","message":{"data":[34],"type":"Buffer"},"service":"metrics-ms"}
{"level":"info","message":{"data":[65],"type":"Buffer"},"service":"metrics-ms"}
{"level":"info","message":{"data":[32],"type":"Buffer"},"service":"metrics-ms"}
{"level":"info","message":{"data":[59],"type":"Buffer"},"service":"metrics-ms"}
{"level":"info","message":{"data":[78],"type":"Buffer"},"service":"metrics-ms"}
{"level":"info","message":{"data":[66],"type":"Buffer"},"service":"metrics-ms"}
{"level":"info","message":{"data":[111],"type":"Buffer"},"service":"metrics-ms"}
{"level":"info","message":{"data":[114],"type":"Buffer"},"service":"metrics-ms"}
{"level":"info","message":{"data":[116],"type":"Buffer"},"service":"metrics-ms"}
{"level":"info","message":{"data":[97],"type":"Buffer"},"service":"metrics-ms"}
{"level":"info","message":{"data":[32],"type":"Buffer"},"service":"metrics-ms"}
{"level":"info","message":{"data":[110],"type":"Buffer"},"service":"metrics-ms"}
{"level":"info","message":{"data":[65],"type":"Buffer"},"service":"metrics-ms"}
{"level":"info","message":{"data":[100],"type":"Buffer"},"service":"metrics-ms"}
{"level":"info","message":{"data":[59],"type":"Buffer"},"service":"metrics-ms"}
{"level":"info","message":{"data":[92],"type":"Buffer"},"service":"metrics-ms"}
{"level":"info","message":{"data":[66],"type":"Buffer"},"service":"metrics-ms"}
{"level":"info","message":{"data":[34],"type":"Buffer"},"service":"metrics-ms"}
{"level":"info","message":{"data":[114],"type":"Buffer"},"service":"metrics-ms"}
{"level":"info","message":{"data":[59],"type":"Buffer"},"service":"metrics-ms"}
{"level":"info","message":{"data":[97],"type":"Buffer"},"service":"metrics-ms"}
{"level":"info","message":{"data":[118],"type":"Buffer"},"service":"metrics-ms"}
{"level":"info","message":{"data":[110],"type":"Buffer"},"service":"metrics-ms"}
{"level":"info","message":{"data":[61],"type":"Buffer"},"service":"metrics-ms"}
{"level":"info","message":{"data":[100],"type":"Buffer"},"service":"metrics-ms"}
{"level":"info","message":{"data":[92],"type":"Buffer"},"service":"metrics-ms"}
{"level":"info","message":{"data":[92],"type":"Buffer"},"service":"metrics-ms"}
{"level":"info","message":{"data":[34],"type":"Buffer"},"service":"metrics-ms"}
{"level":"info","message":{"data":[34],"type":"Buffer"},"service":"metrics-ms"}
{"level":"info","message":{"data":[57],"type":"Buffer"},"service":"metrics-ms"}
{"level":"info","message":{"data":[59],"type":"Buffer"},"service":"metrics-ms"}
{"level":"info","message":{"data":[57],"type":"Buffer"},"service":"metrics-ms"}
{"level":"info","message":{"data":[118],"type":"Buffer"},"service":"metrics-ms"}
{"level":"info","message":{"data":[92],"type":"Buffer"},"service":"metrics-ms"}
{"level":"info","message":{"data":[61],"type":"Buffer"},"service":"metrics-ms"}
{"level":"info","message":{"data":[34],"type":"Buffer"},"service":"metrics-ms"}
{"level":"info","message":{"data":[92],"type":"Buffer"},"service":"metrics-ms"}
{"level":"info","message":{"data":[44],"type":"Buffer"},"service":"metrics-ms"}
{"level":"info","message":{"data":[34],"type":"Buffer"},"service":"metrics-ms"}
{"level":"info","message":{"data":[32],"type":"Buffer"},"service":"metrics-ms"}
{"level":"info","message":{"data":[57],"type":"Buffer"},"service":"metrics-ms"}
{"level":"info","message":{"data":[92],"type":"Buffer"},"service":"metrics-ms"}
{"level":"info","message":{"data":[57],"type":"Buffer"},"service":"metrics-ms"}
{"level":"info","message":{"data":[34],"type":"Buffer"},"service":"metrics-ms"}
{"level":"info","message":{"data":[92],"type":"Buffer"},"service":"metrics-ms"}
{"level":"info","message":{"data":[71],"type":"Buffer"},"service":"metrics-ms"}
{"level":"info","message":{"data":[34],"type":"Buffer"},"service":"metrics-ms"}
{"level":"info","message":{"data":[111],"type":"Buffer"},"service":"metrics-ms"}
{"level":"info","message":{"data":[44],"type":"Buffer"},"service":"metrics-ms"}
{"level":"info","message":{"data":[111],"type":"Buffer"},"service":"metrics-ms"}
{"level":"info","message":{"data":[32],"type":"Buffer"},"service":"metrics-ms"}
{"level":"info","message":{"data":[103],"type":"Buffer"},"service":"metrics-ms"}
{"level":"info","message":{"data":[92],"type":"Buffer"},"service":"metrics-ms"}
{"level":"info","message":{"data":[108],"type":"Buffer"},"service":"metrics-ms"}
{"level":"info","message":{"data":[34],"type":"Buffer"},"service":"metrics-ms"}
{"level":"info","message":{"data":[101],"type":"Buffer"},"service":"metrics-ms"}
{"level":"info","message":{"data":[71],"type":"Buffer"},"service":"metrics-ms"}
{"level":"info","message":{"data":[32],"type":"Buffer"},"service":"metrics-ms"}
{"level":"info","message":{"data":[111],"type":"Buffer"},"service":"metrics-ms"}
{"level":"info","message":{"data":[67],"type":"Buffer"},"service":"metrics-ms"}
{"level":"info","message":{"data":[111],"type":"Buffer"},"service":"metrics-ms"}
{"level":"info","message":{"data":[104],"type":"Buffer"},"service":"metrics-ms"}
{"level":"info","message":{"data":[103],"type":"Buffer"},"service":"metrics-ms"}
{"level":"info","message":{"data":[114],"type":"Buffer"},"service":"metrics-ms"}
{"level":"info","message":{"data":[108],"type":"Buffer"},"service":"metrics-ms"}
{"level":"info","message":{"data":[111],"type":"Buffer"},"service":"metrics-ms"}
{"level":"info","message":{"data":[101],"type":"Buffer"},"service":"metrics-ms"}
{"level":"info","message":{"data":[109],"type":"Buffer"},"service":"metrics-ms"}
{"level":"info","message":{"data":[32],"type":"Buffer"},"service":"metrics-ms"}
{"level":"info","message":{"data":[101],"type":"Buffer"},"service":"metrics-ms"}
{"level":"info","message":{"data":[67],"type":"Buffer"},"service":"metrics-ms"}
{"level":"info","message":{"data":[92],"type":"Buffer"},"service":"metrics-ms"}
{"level":"info","message":{"data":[104],"type":"Buffer"},"service":"metrics-ms"}
{"level":"info","message":{"data":[34],"type":"Buffer"},"service":"metrics-ms"}
{"level":"info","message":{"data":[114],"type":"Buffer"},"service":"metrics-ms"}
{"level":"info","message":{"data":[59],"type":"Buffer"},"service":"metrics-ms"}
{"level":"info","message":{"data":[111],"type":"Buffer"},"service":"metrics-ms"}
{"level":"info","message":{"data":[118],"type":"Buffer"},"service":"metrics-ms"}
{"level":"info","message":{"data":[109],"type":"Buffer"},"service":"metrics-ms"}
{"level":"info","message":{"data":[61],"type":"Buffer"},"service":"metrics-ms"}
{"level":"info","message":{"data":[101],"type":"Buffer"},"service":"metrics-ms"}
{"level":"info","message":{"data":[92],"type":"Buffer"},"service":"metrics-ms"}
{"level":"info","message":{"data":[92],"type":"Buffer"},"service":"metrics-ms"}
{"level":"info","message":{"data":[34],"type":"Buffer"},"service":"metrics-ms"}
{"level":"info","message":{"data":[34],"type":"Buffer"},"service":"metrics-ms"}
{"level":"info","message":{"data":[49],"type":"Buffer"},"service":"metrics-ms"}
{"level":"info","message":{"data":[59],"type":"Buffer"},"service":"metrics-ms"}
{"level":"info","message":{"data":[48],"type":"Buffer"},"service":"metrics-ms"}
{"level":"info","message":{"data":[118],"type":"Buffer"},"service":"metrics-ms"}
{"level":"info","message":{"data":[52],"type":"Buffer"},"service":"metrics-ms"}
{"level":"info","message":{"data":[61],"type":"Buffer"},"service":"metrics-ms"}
{"level":"info","message":{"data":[92],"type":"Buffer"},"service":"metrics-ms"}
{"level":"info","message":{"data":[92],"type":"Buffer"},"service":"metrics-ms"}
{"level":"info","message":{"data":[34],"type":"Buffer"},"service":"metrics-ms"}
{"level":"info","message":{"data":[34],"type":"Buffer"},"service":"metrics-ms"}
{"level":"info","message":{"data":[34],"type":"Buffer"},"service":"metrics-ms"}
{"level":"info","message":{"data":[49],"type":"Buffer"},"service":"metrics-ms"}
{"level":"info","message":{"data":[44],"type":"Buffer"},"service":"metrics-ms"}
{"level":"info","message":{"data":[48],"type":"Buffer"},"service":"metrics-ms"}
{"level":"info","message":{"data":[34],"type":"Buffer"},"service":"metrics-ms"}
{"level":"info","message":{"data":[52],"type":"Buffer"},"service":"metrics-ms"}
{"level":"info","message":{"data":[112],"type":"Buffer"},"service":"metrics-ms"}
{"level":"info","message":{"data":[92],"type":"Buffer"},"service":"metrics-ms"}
{"level":"info","message":{"data":[108],"type":"Buffer"},"service":"metrics-ms"}
{"level":"info","message":{"data":[34],"type":"Buffer"},"service":"metrics-ms"}
{"level":"info","message":{"data":[97],"type":"Buffer"},"service":"metrics-ms"}
{"level":"info","message":{"data":[34],"type":"Buffer"},"service":"metrics-ms"}
{"level":"info","message":{"data":[116],"type":"Buffer"},"service":"metrics-ms"}
{"level":"info","message":{"data":[44],"type":"Buffer"},"service":"metrics-ms"}
{"level":"info","message":{"data":[102],"type":"Buffer"},"service":"metrics-ms"}
{"level":"info","message":{"data":[34],"type":"Buffer"},"service":"metrics-ms"}
{"level":"info","message":{"data":[111],"type":"Buffer"},"service":"metrics-ms"}
{"level":"info","message":{"data":[112],"type":"Buffer"},"service":"metrics-ms"}
{"level":"info","message":{"data":[114],"type":"Buffer"},"service":"metrics-ms"}
{"level":"info","message":{"data":[108],"type":"Buffer"},"service":"metrics-ms"}
{"level":"info","message":{"data":[109],"type":"Buffer"},"service":"metrics-ms"}
{"level":"info","message":{"data":[97],"type":"Buffer"},"service":"metrics-ms"}
{"level":"info","message":{"data":[34],"type":"Buffer"},"service":"metrics-ms"}
{"level":"info","message":{"data":[116],"type":"Buffer"},"service":"metrics-ms"}
{"level":"info","message":{"data":[58],"type":"Buffer"},"service":"metrics-ms"}
{"level":"info","message":{"data":[102],"type":"Buffer"},"service":"metrics-ms"}
{"level":"info","message":{"data":[34],"type":"Buffer"},"service":"metrics-ms"}
{"level":"info","message":{"data":[111],"type":"Buffer"},"service":"metrics-ms"}
{"level":"info","message":{"data":[92],"type":"Buffer"},"service":"metrics-ms"}
{"level":"info","message":{"data":[114],"type":"Buffer"},"service":"metrics-ms"}
{"level":"info","message":{"data":[34],"type":"Buffer"},"service":"metrics-ms"}
{"level":"info","message":{"data":[109],"type":"Buffer"},"service":"metrics-ms"}
{"level":"info","message":{"data":[109],"type":"Buffer"},"service":"metrics-ms"}
{"level":"info","message":{"data":[34],"type":"Buffer"},"service":"metrics-ms"}
{"level":"info","message":{"data":[97],"type":"Buffer"},"service":"metrics-ms"}
{"level":"info","message":{"data":[58],"type":"Buffer"},"service":"metrics-ms"}
{"level":"info","message":{"data":[99],"type":"Buffer"},"service":"metrics-ms"}
{"level":"info","message":{"data":[34],"type":"Buffer"},"service":"metrics-ms"}
{"level":"info","message":{"data":[79],"type":"Buffer"},"service":"metrics-ms"}
{"level":"info","message":{"data":[92],"type":"Buffer"},"service":"metrics-ms"}
{"level":"info","message":{"data":[83],"type":"Buffer"},"service":"metrics-ms"}
{"level":"info","message":{"data":[34],"type":"Buffer"},"service":"metrics-ms"}
{"level":"info","message":{"data":[92],"type":"Buffer"},"service":"metrics-ms"}
{"level":"info","message":{"data":[109],"type":"Buffer"},"service":"metrics-ms"}
{"level":"info","message":{"data":[34],"type":"Buffer"},"service":"metrics-ms"}
{"level":"info","message":{"data":[97],"type":"Buffer"},"service":"metrics-ms"}
{"level":"info","message":{"data":[34],"type":"Buffer"},"service":"metrics-ms"}
{"level":"info","message":{"data":[99],"type":"Buffer"},"service":"metrics-ms"}
{"level":"info","message":{"data":[44],"type":"Buffer"},"service":"metrics-ms"}
{"level":"info","message":{"data":[79],"type":"Buffer"},"service":"metrics-ms"}
{"level":"info","message":{"data":[34],"type":"Buffer"},"service":"metrics-ms"}
{"level":"info","message":{"data":[83],"type":"Buffer"},"service":"metrics-ms"}
{"level":"info","message":{"data":[111],"type":"Buffer"},"service":"metrics-ms"}
{"level":"info","message":{"data":[92],"type":"Buffer"},"service":"metrics-ms"}
{"level":"info","message":{"data":[114],"type":"Buffer"},"service":"metrics-ms"}
{"level":"info","message":{"data":[34],"type":"Buffer"},"service":"metrics-ms"}
{"level":"info","message":{"data":[105],"type":"Buffer"},"service":"metrics-ms"}
{"level":"info","message":{"data":[34],"type":"Buffer"},"service":"metrics-ms"}
{"level":"info","message":{"data":[103],"type":"Buffer"},"service":"metrics-ms"}
{"level":"info","message":{"data":[44],"type":"Buffer"},"service":"metrics-ms"}
{"level":"info","message":{"data":[105],"type":"Buffer"},"service":"metrics-ms"}
{"level":"info","message":{"data":[34],"type":"Buffer"},"service":"metrics-ms"}
{"level":"info","message":{"data":[110],"type":"Buffer"},"service":"metrics-ms"}
{"level":"info","message":{"data":[111],"type":"Buffer"},"service":"metrics-ms"}
{"level":"info","message":{"data":[34],"type":"Buffer"},"service":"metrics-ms"}
{"level":"info","message":{"data":[114],"type":"Buffer"},"service":"metrics-ms"}
{"level":"info","message":{"data":[58],"type":"Buffer"},"service":"metrics-ms"}
{"level":"info","message":{"data":[105],"type":"Buffer"},"service":"metrics-ms"}
{"level":"info","message":{"data":[34],"type":"Buffer"},"service":"metrics-ms"}
{"level":"info","message":{"data":[103],"type":"Buffer"},"service":"metrics-ms"}
{"level":"info","message":{"data":[104],"type":"Buffer"},"service":"metrics-ms"}
{"level":"info","message":{"data":[105],"type":"Buffer"},"service":"metrics-ms"}
{"level":"info","message":{"data":[116],"type":"Buffer"},"service":"metrics-ms"}
{"level":"info","message":{"data":[110],"type":"Buffer"},"service":"metrics-ms"}
{"level":"info","message":{"data":[116],"type":"Buffer"},"service":"metrics-ms"}
{"level":"info","message":{"data":[34],"type":"Buffer"},"service":"metrics-ms"}
{"level":"info","message":{"data":[112],"type":"Buffer"},"service":"metrics-ms"}
{"level":"info","message":{"data":[58],"type":"Buffer"},"service":"metrics-ms"}
{"level":"info","message":{"data":[58],"type":"Buffer"},"service":"metrics-ms"}
{"level":"info","message":{"data":[34],"type":"Buffer"},"service":"metrics-ms"}
{"level":"info","message":{"data":[47],"type":"Buffer"},"service":"metrics-ms"}
{"level":"info","message":{"data":[104],"type":"Buffer"},"service":"metrics-ms"}
{"level":"info","message":{"data":[47],"type":"Buffer"},"service":"metrics-ms"}
{"level":"info","message":{"data":[116],"type":"Buffer"},"service":"metrics-ms"}
{"level":"info","message":{"data":[108],"type":"Buffer"},"service":"metrics-ms"}
{"level":"info","message":{"data":[116],"type":"Buffer"},"service":"metrics-ms"}
{"level":"info","message":{"data":[111],"type":"Buffer"},"service":"metrics-ms"}
{"level":"info","message":{"data":[112],"type":"Buffer"},"service":"metrics-ms"}
{"level":"info","message":{"data":[99],"type":"Buffer"},"service":"metrics-ms"}
{"level":"info","message":{"data":[58],"type":"Buffer"},"service":"metrics-ms"}
{"level":"info","message":{"data":[97],"type":"Buffer"},"service":"metrics-ms"}
{"level":"info","message":{"data":[47],"type":"Buffer"},"service":"metrics-ms"}
{"level":"info","message":{"data":[108],"type":"Buffer"},"service":"metrics-ms"}
{"level":"info","message":{"data":[47],"type":"Buffer"},"service":"metrics-ms"}
{"level":"info","message":{"data":[104],"type":"Buffer"},"service":"metrics-ms"}
{"level":"info","message":{"data":[108],"type":"Buffer"},"service":"metrics-ms"}
{"level":"info","message":{"data":[111],"type":"Buffer"},"service":"metrics-ms"}
{"level":"info","message":{"data":[111],"type":"Buffer"},"service":"metrics-ms"}
{"level":"info","message":{"data":[115],"type":"Buffer"},"service":"metrics-ms"}
{"level":"info","message":{"data":[99],"type":"Buffer"},"service":"metrics-ms"}
{"level":"info","message":{"data":[116],"type":"Buffer"},"service":"metrics-ms"}
{"level":"info","message":{"data":[97],"type":"Buffer"},"service":"metrics-ms"}
{"level":"info","message":{"data":[58],"type":"Buffer"},"service":"metrics-ms"}
{"level":"info","message":{"data":[108],"type":"Buffer"},"service":"metrics-ms"}
{"level":"info","message":{"data":[51],"type":"Buffer"},"service":"metrics-ms"}
{"level":"info","message":{"data":[104],"type":"Buffer"},"service":"metrics-ms"}
{"level":"info","message":{"data":[48],"type":"Buffer"},"service":"metrics-ms"}
{"level":"info","message":{"data":[111],"type":"Buffer"},"service":"metrics-ms"}
{"level":"info","message":{"data":[48],"type":"Buffer"},"service":"metrics-ms"}
{"level":"info","message":{"data":[115],"type":"Buffer"},"service":"metrics-ms"}
{"level":"info","message":{"data":[53],"type":"Buffer"},"service":"metrics-ms"}
{"level":"info","message":{"data":[116],"type":"Buffer"},"service":"metrics-ms"}
{"level":"info","message":{"data":[34],"type":"Buffer"},"service":"metrics-ms"}
{"level":"info","message":{"data":[58],"type":"Buffer"},"service":"metrics-ms"}
{"level":"info","message":{"data":[125],"type":"Buffer"},"service":"metrics-ms"}
{"level":"info","message":{"data":[51],"type":"Buffer"},"service":"metrics-ms"}
{"level":"info","message":{"data":[48],"type":"Buffer"},"service":"metrics-ms"}
{"level":"info","message":{"data":[48],"type":"Buffer"},"service":"metrics-ms"}
{"level":"info","message":{"data":[53],"type":"Buffer"},"service":"metrics-ms"}
{"level":"info","message":{"data":[34],"type":"Buffer"},"service":"metrics-ms"}
{"level":"info","message":{"data":[125],"type":"Buffer"},"service":"metrics-ms"}
{"level":"info","message":"server is starting at localhost:3008","service":"metrics-ms"}
{"level":"info","message":"{\"traceId\":\"b7e6a0ee-efa7-4882-8b0e-4a6271e2c727\",\"middleware\":\"LoggerMiddleware\",\"ip\":\"::ffff:172.21.0.1\",\"method\":\"GET\",\"path\":\"/\",\"host\":\"localhost:3005\",\"agent\":\"\\\"Chromium\\\";v=\\\"104\\\", \\\" Not A;Brand\\\";v=\\\"99\\\", \\\"Google Chrome\\\";v=\\\"104\\\"\",\"platform\":\"\\\"macOS\\\"\"}","service":"metrics-ms"}
{"level":"info","message":"{\"traceId\":\"9d551865-6127-4aec-8447-a4b2192f56a0\",\"middleware\":\"LoggerMiddleware\",\"ip\":\"::ffff:172.21.0.1\",\"method\":\"POST\",\"path\":\"/\",\"host\":\"localhost:3005\",\"agent\":\"\\\"Chromium\\\";v=\\\"104\\\", \\\" Not A;Brand\\\";v=\\\"99\\\", \\\"Google Chrome\\\";v=\\\"104\\\"\",\"platform\":\"\\\"macOS\\\"\",\"origin\":\"http://localhost:3005\"}","service":"metrics-ms"}
{"level":"info","message":"{\"traceId\":\"a2dbd0de-6606-47ee-97d5-bf3bce2e68ad\",\"middleware\":\"LoggerMiddleware\",\"ip\":\"::ffff:172.21.0.1\",\"method\":\"POST\",\"path\":\"/\",\"host\":\"localhost:3005\",\"agent\":\"\\\"Chromium\\\";v=\\\"104\\\", \\\" Not A;Brand\\\";v=\\\"99\\\", \\\"Google Chrome\\\";v=\\\"104\\\"\",\"platform\":\"\\\"macOS\\\"\",\"origin\":\"http://localhost:3005\"}","service":"metrics-ms"}
{"level":"info","message":"server is starting at localhost:3008","service":"metrics-ms"}
{"level":"info","message":{"agent":"\"Chromium\";v=\"104\", \" Not A;Brand\";v=\"99\", \"Google Chrome\";v=\"104\"","host":"localhost:3005","ip":"::ffff:172.21.0.1","method":"GET","middleware":"LoggerMiddleware","path":"/","platform":"\"macOS\"","traceId":"b7e6a0ee-efa7-4882-8b0e-4a6271e2c727"},"service":"metrics-ms"}
{"level":"info","message":{"agent":"\"Chromium\";v=\"104\", \" Not A;Brand\";v=\"99\", \"Google Chrome\";v=\"104\"","host":"localhost:3005","ip":"::ffff:172.21.0.1","method":"POST","middleware":"LoggerMiddleware","origin":"http://localhost:3005","path":"/","platform":"\"macOS\"","traceId":"9d551865-6127-4aec-8447-a4b2192f56a0"},"service":"metrics-ms"}
{"level":"info","message":{"agent":"\"Chromium\";v=\"104\", \" Not A;Brand\";v=\"99\", \"Google Chrome\";v=\"104\"","host":"localhost:3005","ip":"::ffff:172.21.0.1","method":"POST","middleware":"LoggerMiddleware","origin":"http://localhost:3005","path":"/","platform":"\"macOS\"","traceId":"a2dbd0de-6606-47ee-97d5-bf3bce2e68ad"},"service":"metrics-ms"}
{"level":"info","message":"server is starting at localhost:3008","service":"metrics-ms"}
{"level":"info","message":"server is starting at localhost:3008","service":"metrics-ms"}
{"level":"info","message":"server is starting at localhost:3008","service":"metrics-ms"}
{"level":"info","message":"server is starting at localhost:3008","service":"metrics-ms"}
{"level":"info","message":"server is starting at localhost:3008","service":"metrics-ms"}
{"level":"info","message":"server is starting at localhost:3008","service":"metrics-ms"}
{"level":"info","message":"server is starting at localhost:3008","service":"metrics-ms"}
{"level":"info","message":"server is starting at localhost:3008","service":"metrics-ms"}
{"level":"info","message":"server is starting at localhost:3008","service":"metrics-ms"}
{"level":"info","message":"server is starting at localhost:3008","service":"metrics-ms"}
{"level":"info","message":"server is starting at localhost:3008","service":"metrics-ms"}
{"level":"info","message":"server is starting at localhost:3008","service":"metrics-ms"}
{"level":"info","message":"server is starting at localhost:3008","service":"metrics-ms"}
{"level":"info","message":"server is starting at localhost:3008","service":"metrics-ms"}
{"level":"info","message":"server is starting at localhost:3008","service":"metrics-ms"}
{"level":"info","message":"server is starting at localhost:3008","service":"metrics-ms"}
{"level":"info","message":"server is starting at localhost:3008","service":"metrics-ms"}
{"level":"info","message":"MongoDB database connection established successfully","service":"metrics-ms"}
{"level":"info","message":"server is starting at localhost:3008","service":"metrics-ms"}
{"level":"info","message":"MongoDB database connection established successfully","service":"metrics-ms"}
{"level":"info","message":"server is starting at localhost:3008","service":"metrics-ms"}
{"level":"info","message":"MongoDB database connection established successfully","service":"metrics-ms"}
{"level":"info","message":"server is starting at localhost:3008","service":"metrics-ms"}
{"level":"info","message":"MongoDB database connection established successfully","service":"metrics-ms"}
{"level":"info","message":"server is starting at localhost:3008","service":"metrics-ms"}
{"level":"info","message":"MongoDB database connection established successfully","service":"metrics-ms"}
{"level":"info","message":"server is starting at localhost:3008","service":"metrics-ms"}
{"level":"info","message":"MongoDB database connection established successfully","service":"metrics-ms"}
{"level":"info","message":"server is starting at localhost:3008","service":"metrics-ms"}
{"level":"info","message":"MongoDB database connection established successfully","service":"metrics-ms"}
{"level":"info","message":"server is starting at localhost:3008","service":"metrics-ms"}
{"level":"info","message":"MongoDB database connection established successfully","service":"metrics-ms"}
{"level":"info","message":"server is starting at localhost:3008","service":"metrics-ms"}
{"level":"info","message":"MongoDB database connection established successfully","service":"metrics-ms"}
{"level":"info","message":"server is starting at localhost:3008","service":"metrics-ms"}
{"level":"info","message":"MongoDB database connection established successfully","service":"metrics-ms"}
{"level":"info","message":"server is starting at localhost:3008","service":"metrics-ms"}
{"level":"info","message":"MongoDB database connection established successfully","service":"metrics-ms"}
{"level":"info","message":"server is starting at localhost:3008","service":"metrics-ms"}
{"level":"info","message":"MongoDB database connection established successfully","service":"metrics-ms"}
{"level":"info","message":"server is starting at localhost:3008","service":"metrics-ms"}
{"level":"info","message":"MongoDB database connection established successfully","service":"metrics-ms"}
{"level":"info","message":"server is starting at localhost:3008","service":"metrics-ms"}
{"level":"info","message":"MongoDB database connection established successfully","service":"metrics-ms"}
{"level":"info","message":"server is starting at localhost:3008","service":"metrics-ms"}
{"level":"info","message":"MongoDB database connection established successfully","service":"metrics-ms"}
{"level":"info","message":"server is starting at localhost:3008","service":"metrics-ms"}
{"level":"info","message":"MongoDB database connection established successfully","service":"metrics-ms"}
{"level":"info","message":"server is starting at localhost:3008","service":"metrics-ms"}
{"level":"info","message":"MongoDB database connection established successfully","service":"metrics-ms"}
{"level":"info","message":"server is starting at localhost:3008","service":"metrics-ms"}
{"level":"info","message":"MongoDB database connection established successfully","service":"metrics-ms"}
